This is pdfTeX, Version 3.14159265-2.6-1.40.16 (TeX Live 2015) (preloaded format=pdflatex 2015.5.24)  24 MAR 2016 10:25
entering extended mode
 restricted \write18 enabled.
 file:line:error style messages enabled.
 %&-line parsing enabled.
**"Empirical Analysis-2013.tex"
(./Empirical Analysis-2013.tex
LaTeX2e <2015/01/01>
Babel <3.9l> and hyphenation patterns for 79 languages loaded.
(/usr/local/texlive/2015/texmf-dist/tex/latex/tufte-latex/tufte-book.cls
Document Class: tufte-book 2009/12/11 v3.5.0 Tufte-book class
(/usr/local/texlive/2015/texmf-dist/tex/latex/tufte-latex/tufte-common.def
File: tufte-common.def 2009/12/11 v3.5.0 Common code for the Tufte-LaTeX styles
 (/usr/local/texlive/2015/texmf-dist/tex/latex/xkeyval/xkeyval.sty
Package: xkeyval 2014/12/03 v2.7a package option processing (HA)
 (/usr/local/texlive/2015/texmf-dist/tex/generic/xkeyval/xkeyval.tex (/usr/local/texlive/2015/texmf-dist/tex/generic/xkeyval/xkvutils.tex
\XKV@toks=\toks14
\XKV@tempa@toks=\toks15
 (/usr/local/texlive/2015/texmf-dist/tex/generic/xkeyval/keyval.tex))
\XKV@depth=\count79
File: xkeyval.tex 2014/12/03 v2.7a key=value parser (HA)
)) (/usr/local/texlive/2015/texmf-dist/tex/latex/xifthen/xifthen.sty
Package: xifthen 2009/04/17 v1.3 Extended ifthen features
 (/usr/local/texlive/2015/texmf-dist/tex/latex/etex-pkg/etex.sty
Package: etex 2015/03/02 v2.1 eTeX basic definition package (PEB,DPC)
\et@xins=\count80
) (/usr/local/texlive/2015/texmf-dist/tex/latex/tools/calc.sty
Package: calc 2014/10/28 v4.3 Infix arithmetic (KKT,FJ)
\calc@Acount=\count81
\calc@Bcount=\count82
\calc@Adimen=\dimen102
\calc@Bdimen=\dimen103
\calc@Askip=\skip41
\calc@Bskip=\skip42
LaTeX Info: Redefining \setlength on input line 80.
LaTeX Info: Redefining \addtolength on input line 81.
\calc@Ccount=\count83
\calc@Cskip=\skip43
) (/usr/local/texlive/2015/texmf-dist/tex/latex/base/ifthen.sty
Package: ifthen 2014/09/29 v1.1c Standard LaTeX ifthen package (DPC)
) (/usr/local/texlive/2015/texmf-dist/tex/latex/ifmtarg/ifmtarg.sty
Package: ifmtarg 2009/09/02 v1.2a check for an empty argument
))
Class tufte-book Info: Loading the base class `book'.
 (/usr/local/texlive/2015/texmf-dist/tex/latex/base/book.cls
Document Class: book 2014/09/29 v1.4h Standard LaTeX document class
(/usr/local/texlive/2015/texmf-dist/tex/latex/base/bk10.clo
File: bk10.clo 2014/09/29 v1.4h Standard LaTeX file (size option)
)
\c@part=\count84
\c@chapter=\count85
\c@section=\count86
\c@subsection=\count87
\c@subsubsection=\count88
\c@paragraph=\count89
\c@subparagraph=\count90
\c@figure=\count91
\c@table=\count92
\abovecaptionskip=\skip44
\belowcaptionskip=\skip45
\bibindent=\dimen104
) (/usr/local/texlive/2015/texmf-dist/tex/generic/oberdiek/ifpdf.sty
Package: ifpdf 2011/01/30 v2.3 Provides the ifpdf switch (HO)
Package ifpdf Info: pdfTeX in PDF mode is detected.
) (/usr/local/texlive/2015/texmf-dist/tex/generic/ifxetex/ifxetex.sty
Package: ifxetex 2010/09/12 v0.6 Provides ifxetex conditional
) (/usr/local/texlive/2015/texmf-dist/tex/latex/titlesec/titlesec.sty
Package: titlesec 2011/12/15 v2.10.0 Sectioning titles
\ttl@box=\box26
\beforetitleunit=\skip46
\aftertitleunit=\skip47
\ttl@plus=\dimen105
\ttl@minus=\dimen106
\ttl@toksa=\toks16
\titlewidth=\dimen107
\titlewidthlast=\dimen108
\titlewidthfirst=\dimen109
) (/usr/local/texlive/2015/texmf-dist/tex/latex/titlesec/titletoc.sty
Package: titletoc 2011/12/15 v1.6 TOC entries
\ttl@leftsep=\dimen110
) (/usr/local/texlive/2015/texmf-dist/tex/latex/hyperref/hyperref.sty
Package: hyperref 2012/11/06 v6.83m Hypertext links for LaTeX
 (/usr/local/texlive/2015/texmf-dist/tex/generic/oberdiek/hobsub-hyperref.sty
Package: hobsub-hyperref 2012/05/28 v1.13 Bundle oberdiek, subset hyperref (HO)
 (/usr/local/texlive/2015/texmf-dist/tex/generic/oberdiek/hobsub-generic.sty
Package: hobsub-generic 2012/05/28 v1.13 Bundle oberdiek, subset generic (HO)
Package: hobsub 2012/05/28 v1.13 Construct package bundles (HO)
Package: infwarerr 2010/04/08 v1.3 Providing info/warning/error messages (HO)
Package: ltxcmds 2011/11/09 v1.22 LaTeX kernel commands for general use (HO)
Package: ifluatex 2010/03/01 v1.3 Provides the ifluatex switch (HO)
Package ifluatex Info: LuaTeX not detected.
Package: ifvtex 2010/03/01 v1.5 Detect VTeX and its facilities (HO)
Package ifvtex Info: VTeX not detected.
Package: intcalc 2007/09/27 v1.1 Expandable calculations with integers (HO)
Package hobsub Info: Skipping package `ifpdf' (already loaded).
Package: etexcmds 2011/02/16 v1.5 Avoid name clashes with e-TeX commands (HO)
Package etexcmds Info: Could not find \expanded.
(etexcmds)             That can mean that you are not using pdfTeX 1.50 or
(etexcmds)             that some package has redefined \expanded.
(etexcmds)             In the latter case, load this package earlier.
Package: kvsetkeys 2012/04/25 v1.16 Key value parser (HO)
Package: kvdefinekeys 2011/04/07 v1.3 Define keys (HO)
Package: pdftexcmds 2011/11/29 v0.20 Utility functions of pdfTeX for LuaTeX (HO)
Package pdftexcmds Info: LuaTeX not detected.
Package pdftexcmds Info: \pdf@primitive is available.
Package pdftexcmds Info: \pdf@ifprimitive is available.
Package pdftexcmds Info: \pdfdraftmode found.
Package: pdfescape 2011/11/25 v1.13 Implements pdfTeX's escape features (HO)
Package: bigintcalc 2012/04/08 v1.3 Expandable calculations on big integers (HO)
Package: bitset 2011/01/30 v1.1 Handle bit-vector datatype (HO)
Package: uniquecounter 2011/01/30 v1.2 Provide unlimited unique counter (HO)
)
Package hobsub Info: Skipping package `hobsub' (already loaded).
Package: letltxmacro 2010/09/02 v1.4 Let assignment for LaTeX macros (HO)
Package: hopatch 2012/05/28 v1.2 Wrapper for package hooks (HO)
Package: xcolor-patch 2011/01/30 xcolor patch
Package: atveryend 2011/06/30 v1.8 Hooks at the very end of document (HO)
Package atveryend Info: \enddocument detected (standard20110627).
Package: atbegshi 2011/10/05 v1.16 At begin shipout hook (HO)
Package: refcount 2011/10/16 v3.4 Data extraction from label references (HO)
Package: hycolor 2011/01/30 v1.7 Color options for hyperref/bookmark (HO)
) (/usr/local/texlive/2015/texmf-dist/tex/latex/oberdiek/auxhook.sty
Package: auxhook 2011/03/04 v1.3 Hooks for auxiliary files (HO)
) (/usr/local/texlive/2015/texmf-dist/tex/latex/oberdiek/kvoptions.sty
Package: kvoptions 2011/06/30 v3.11 Key value format for package options (HO)
)
\@linkdim=\dimen111
\Hy@linkcounter=\count93
\Hy@pagecounter=\count94
 (/usr/local/texlive/2015/texmf-dist/tex/latex/hyperref/pd1enc.def
File: pd1enc.def 2012/11/06 v6.83m Hyperref: PDFDocEncoding definition (HO)
)
\Hy@SavedSpaceFactor=\count95
 (/usr/local/texlive/2015/texmf-dist/tex/latex/latexconfig/hyperref.cfg
File: hyperref.cfg 2002/06/06 v1.2 hyperref configuration of TeXLive
)
Package hyperref Info: Option `unicode' set `true' on input line 4319.
 (/usr/local/texlive/2015/texmf-dist/tex/latex/hyperref/puenc.def
File: puenc.def 2012/11/06 v6.83m Hyperref: PDF Unicode definition (HO)
)
Package hyperref Info: Option `hyperfootnotes' set `false' on input line 4319.
Package hyperref Info: Hyper figures OFF on input line 4443.
Package hyperref Info: Link nesting OFF on input line 4448.
Package hyperref Info: Hyper index ON on input line 4451.
Package hyperref Info: Plain pages OFF on input line 4458.
Package hyperref Info: Backreferencing OFF on input line 4463.
Package hyperref Info: Implicit mode ON; LaTeX internals redefined.
Package hyperref Info: Bookmarks ON on input line 4688.
\c@Hy@tempcnt=\count96
 (/usr/local/texlive/2015/texmf-dist/tex/latex/url/url.sty
\Urlmuskip=\muskip10
Package: url 2013/09/16  ver 3.4  Verb mode for urls, etc.
)
LaTeX Info: Redefining \url on input line 5041.
\XeTeXLinkMargin=\dimen112
\Fld@menulength=\count97
\Field@Width=\dimen113
\Fld@charsize=\dimen114
Package hyperref Info: Hyper figures OFF on input line 6295.
Package hyperref Info: Link nesting OFF on input line 6300.
Package hyperref Info: Hyper index ON on input line 6303.
Package hyperref Info: backreferencing OFF on input line 6310.
Package hyperref Info: Link coloring OFF on input line 6315.
Package hyperref Info: Link coloring with OCG OFF on input line 6320.
Package hyperref Info: PDF/A mode OFF on input line 6325.
LaTeX Info: Redefining \ref on input line 6365.
LaTeX Info: Redefining \pageref on input line 6369.
\Hy@abspage=\count98
\c@Item=\count99
)

Package hyperref Message: Driver (autodetected): hpdftex.

(/usr/local/texlive/2015/texmf-dist/tex/latex/hyperref/hpdftex.def
File: hpdftex.def 2012/11/06 v6.83m Hyperref driver for pdfTeX
\Fld@listcount=\count100
\c@bookmark@seq@number=\count101
 (/usr/local/texlive/2015/texmf-dist/tex/latex/oberdiek/rerunfilecheck.sty
Package: rerunfilecheck 2011/04/15 v1.7 Rerun checks for auxiliary files (HO)
Package uniquecounter Info: New unique counter `rerunfilecheck' on input line 282.
)
\Hy@SectionHShift=\skip48
)

Package hyperref Warning: Option `pagecolor' is not available anymore.

(/usr/local/texlive/2015/texmf-dist/tex/latex/ms/ragged2e.sty
Package: ragged2e 2009/05/21 v2.1 ragged2e Package (MS)
 (/usr/local/texlive/2015/texmf-dist/tex/latex/ms/everysel.sty
Package: everysel 2011/10/28 v1.2 EverySelectfont Package (MS)
)
\CenteringLeftskip=\skip49
\RaggedLeftLeftskip=\skip50
\RaggedRightLeftskip=\skip51
\CenteringRightskip=\skip52
\RaggedLeftRightskip=\skip53
\RaggedRightRightskip=\skip54
\CenteringParfillskip=\skip55
\RaggedLeftParfillskip=\skip56
\RaggedRightParfillskip=\skip57
\JustifyingParfillskip=\skip58
\CenteringParindent=\skip59
\RaggedLeftParindent=\skip60
\RaggedRightParindent=\skip61
\JustifyingParindent=\skip62
) (/usr/local/texlive/2015/texmf-dist/tex/latex/geometry/geometry.sty
Package: geometry 2010/09/12 v5.6 Page Geometry
\Gm@cnth=\count102
\Gm@cntv=\count103
\c@Gm@tempcnt=\count104
\Gm@bindingoffset=\dimen115
\Gm@wd@mp=\dimen116
\Gm@odd@mp=\dimen117
\Gm@even@mp=\dimen118
\Gm@layoutwidth=\dimen119
\Gm@layoutheight=\dimen120
\Gm@layouthoffset=\dimen121
\Gm@layoutvoffset=\dimen122
\Gm@dimlist=\toks17
) (/usr/local/texlive/2015/texmf-dist/tex/latex/changepage/changepage.sty
Package: changepage 2009/10/20 v1.0c check page and change page layout
\c@cp@cntr=\count105
\cp@tempcnt=\count106
)
\@tufte@overhang=\skip63
\@tufte@fullwidth=\skip64
\@tufte@caption@fill=\skip65
 (/usr/local/texlive/2015/texmf-dist/tex/latex/paralist/paralist.sty
Package: paralist 2013/06/09 v2.4 Extended list environments
\pltopsep=\skip66
\plpartopsep=\skip67
\plitemsep=\skip68
\plparsep=\skip69
\pl@lab=\toks18
) (/usr/local/texlive/2015/texmf-dist/tex/latex/textcase/textcase.sty
Package: textcase 2004/10/07 v0.07 Text only upper/lower case changing (DPC)
) (/usr/local/texlive/2015/texmf-dist/tex/latex/microtype/letterspace.sty
Package: letterspace 2013/05/23 v2.5a Robust letterspacing (RS)
LaTeX Info: Redefining \lsstyle on input line 307.
LaTeX Info: Redefining \lslig on input line 308.
LaTeX Info: Redefining \textls on input line 333.
\MT@outer@kern=\dimen123
) (/usr/local/texlive/2015/texmf-dist/tex/latex/setspace/setspace.sty
Package: setspace 2011/12/19 v6.7a set line spacing
) (/usr/local/texlive/2015/texmf-dist/tex/latex/natbib/natbib.sty
Package: natbib 2010/09/13 8.31b (PWD, AO)
\bibhang=\skip70
\bibsep=\skip71
LaTeX Info: Redefining \cite on input line 694.
\c@NAT@ctr=\count107
) (/usr/local/texlive/2015/texmf-dist/tex/latex/natbib/bibentry.sty
Package: bibentry 2007/10/30 1.5 (PWD)
) (./Empirical Analysis-2013.bbl)
\c@@tufte@num@bibkeys=\count108
 (/usr/local/texlive/2015/texmf-dist/tex/latex/sauerj/optparams.sty
Package: optparams 2004/08/14 v0.9 multiple optional parameters in macros
)
\@tufte@sidenote@vertical@offset=\skip72
 (/usr/local/texlive/2015/texmf-dist/tex/latex/placeins/placeins.sty
Package: placeins 2005/04/18  v 2.2
)
\@tufte@margin@floatbox=\box27
\@tufte@figure@box=\box28
\@tufte@caption@box=\box29
\@tufte@caption@vertical@offset=\skip73
\@tufte@float@contents@width=\skip74
 (/usr/local/texlive/2015/texmf-dist/tex/latex/psnfss/mathpazo.sty
Package: mathpazo 2005/04/12 PSNFSS-v9.2a Palatino w/ Pazo Math (D.Puga, WaS) 
\symupright=\mathgroup4
) (/usr/local/texlive/2015/texmf-dist/tex/latex/psnfss/helvet.sty
Package: helvet 2005/04/12 PSNFSS-v9.2a (WaS) 
)
(/usr/local/texlive/2015/texmf-dist/tex/latex/bera/beramono.sty
Package: beramono 2004/01/31 (WaS)
) (/usr/local/texlive/2015/texmf-dist/tex/latex/base/fontenc.sty
Package: fontenc 2005/09/27 v1.99g Standard LaTeX package
 (/usr/local/texlive/2015/texmf-dist/tex/latex/base/t1enc.def
File: t1enc.def 2005/09/27 v1.99g Standard LaTeX file
LaTeX Font Info:    Redeclaring font encoding T1 on input line 48.
)) (/usr/local/texlive/2015/texmf-dist/tex/latex/base/textcomp.sty
Package: textcomp 2005/09/27 v1.99g Standard LaTeX package
Package textcomp Info: Sub-encoding information:
(textcomp)               5 = only ISO-Adobe without \textcurrency
(textcomp)               4 = 5 + \texteuro
(textcomp)               3 = 4 + \textohm
(textcomp)               2 = 3 + \textestimated + \textcurrency
(textcomp)               1 = TS1 - \textcircled - \t
(textcomp)               0 = TS1 (full)
(textcomp)             Font families with sub-encoding setting implement
(textcomp)             only a restricted character set as indicated.
(textcomp)             Family '?' is the default used for unknown fonts.
(textcomp)             See the documentation for details.
Package textcomp Info: Setting ? sub-encoding to TS1/1 on input line 79.
 (/usr/local/texlive/2015/texmf-dist/tex/latex/base/ts1enc.def
File: ts1enc.def 2001/06/05 v3.0e (jk/car/fm) Standard LaTeX file
)
LaTeX Info: Redefining \oldstylenums on input line 334.
Package textcomp Info: Setting cmr sub-encoding to TS1/0 on input line 349.
Package textcomp Info: Setting cmss sub-encoding to TS1/0 on input line 350.
Package textcomp Info: Setting cmtt sub-encoding to TS1/0 on input line 351.
Package textcomp Info: Setting cmvtt sub-encoding to TS1/0 on input line 352.
Package textcomp Info: Setting cmbr sub-encoding to TS1/0 on input line 353.
Package textcomp Info: Setting cmtl sub-encoding to TS1/0 on input line 354.
Package textcomp Info: Setting ccr sub-encoding to TS1/0 on input line 355.
Package textcomp Info: Setting ptm sub-encoding to TS1/4 on input line 356.
Package textcomp Info: Setting pcr sub-encoding to TS1/4 on input line 357.
Package textcomp Info: Setting phv sub-encoding to TS1/4 on input line 358.
Package textcomp Info: Setting ppl sub-encoding to TS1/3 on input line 359.
Package textcomp Info: Setting pag sub-encoding to TS1/4 on input line 360.
Package textcomp Info: Setting pbk sub-encoding to TS1/4 on input line 361.
Package textcomp Info: Setting pnc sub-encoding to TS1/4 on input line 362.
Package textcomp Info: Setting pzc sub-encoding to TS1/4 on input line 363.
Package textcomp Info: Setting bch sub-encoding to TS1/4 on input line 364.
Package textcomp Info: Setting put sub-encoding to TS1/5 on input line 365.
Package textcomp Info: Setting uag sub-encoding to TS1/5 on input line 366.
Package textcomp Info: Setting ugq sub-encoding to TS1/5 on input line 367.
Package textcomp Info: Setting ul8 sub-encoding to TS1/4 on input line 368.
Package textcomp Info: Setting ul9 sub-encoding to TS1/4 on input line 369.
Package textcomp Info: Setting augie sub-encoding to TS1/5 on input line 370.
Package textcomp Info: Setting dayrom sub-encoding to TS1/3 on input line 371.
Package textcomp Info: Setting dayroms sub-encoding to TS1/3 on input line 372.
Package textcomp Info: Setting pxr sub-encoding to TS1/0 on input line 373.
Package textcomp Info: Setting pxss sub-encoding to TS1/0 on input line 374.
Package textcomp Info: Setting pxtt sub-encoding to TS1/0 on input line 375.
Package textcomp Info: Setting txr sub-encoding to TS1/0 on input line 376.
Package textcomp Info: Setting txss sub-encoding to TS1/0 on input line 377.
Package textcomp Info: Setting txtt sub-encoding to TS1/0 on input line 378.
Package textcomp Info: Setting lmr sub-encoding to TS1/0 on input line 379.
Package textcomp Info: Setting lmdh sub-encoding to TS1/0 on input line 380.
Package textcomp Info: Setting lmss sub-encoding to TS1/0 on input line 381.
Package textcomp Info: Setting lmssq sub-encoding to TS1/0 on input line 382.
Package textcomp Info: Setting lmvtt sub-encoding to TS1/0 on input line 383.
Package textcomp Info: Setting lmtt sub-encoding to TS1/0 on input line 384.
Package textcomp Info: Setting qhv sub-encoding to TS1/0 on input line 385.
Package textcomp Info: Setting qag sub-encoding to TS1/0 on input line 386.
Package textcomp Info: Setting qbk sub-encoding to TS1/0 on input line 387.
Package textcomp Info: Setting qcr sub-encoding to TS1/0 on input line 388.
Package textcomp Info: Setting qcs sub-encoding to TS1/0 on input line 389.
Package textcomp Info: Setting qpl sub-encoding to TS1/0 on input line 390.
Package textcomp Info: Setting qtm sub-encoding to TS1/0 on input line 391.
Package textcomp Info: Setting qzc sub-encoding to TS1/0 on input line 392.
Package textcomp Info: Setting qhvc sub-encoding to TS1/0 on input line 393.
Package textcomp Info: Setting futs sub-encoding to TS1/4 on input line 394.
Package textcomp Info: Setting futx sub-encoding to TS1/4 on input line 395.
Package textcomp Info: Setting futj sub-encoding to TS1/4 on input line 396.
Package textcomp Info: Setting hlh sub-encoding to TS1/3 on input line 397.
Package textcomp Info: Setting hls sub-encoding to TS1/3 on input line 398.
Package textcomp Info: Setting hlst sub-encoding to TS1/3 on input line 399.
Package textcomp Info: Setting hlct sub-encoding to TS1/5 on input line 400.
Package textcomp Info: Setting hlx sub-encoding to TS1/5 on input line 401.
Package textcomp Info: Setting hlce sub-encoding to TS1/5 on input line 402.
Package textcomp Info: Setting hlcn sub-encoding to TS1/5 on input line 403.
Package textcomp Info: Setting hlcw sub-encoding to TS1/5 on input line 404.
Package textcomp Info: Setting hlcf sub-encoding to TS1/5 on input line 405.
Package textcomp Info: Setting pplx sub-encoding to TS1/3 on input line 406.
Package textcomp Info: Setting pplj sub-encoding to TS1/3 on input line 407.
Package textcomp Info: Setting ptmx sub-encoding to TS1/4 on input line 408.
Package textcomp Info: Setting ptmj sub-encoding to TS1/4 on input line 409.
) (/usr/local/texlive/2015/texmf-dist/tex/latex/fancyhdr/fancyhdr.sty
\fancy@headwidth=\skip75
\f@ncyO@elh=\skip76
\f@ncyO@erh=\skip77
\f@ncyO@olh=\skip78
\f@ncyO@orh=\skip79
\f@ncyO@elf=\skip80
\f@ncyO@erf=\skip81
\f@ncyO@olf=\skip82
\f@ncyO@orf=\skip83
) (/usr/local/texlive/2015/texmf-dist/tex/latex/xcolor/xcolor.sty
Package: xcolor 2007/01/21 v2.11 LaTeX color extensions (UK)
 (/usr/local/texlive/2015/texmf-dist/tex/latex/latexconfig/color.cfg
File: color.cfg 2007/01/18 v1.5 color configuration of teTeX/TeXLive
)
Package xcolor Info: Package option `usenames' ignored on input line 216.
Package xcolor Info: Driver file: pdftex.def on input line 225.
 (/usr/local/texlive/2015/texmf-dist/tex/latex/pdftex-def/pdftex.def
File: pdftex.def 2011/05/27 v0.06d Graphics/color for pdfTeX
\Gread@gobject=\count109
)
Package xcolor Info: Model `cmy' substituted by `cmy0' on input line 1337.
Package xcolor Info: Model `hsb' substituted by `rgb' on input line 1341.
Package xcolor Info: Model `RGB' extended on input line 1353.
Package xcolor Info: Model `HTML' substituted by `rgb' on input line 1355.
Package xcolor Info: Model `Hsb' substituted by `hsb' on input line 1356.
Package xcolor Info: Model `tHsb' substituted by `hsb' on input line 1357.
Package xcolor Info: Model `HSB' substituted by `hsb' on input line 1358.
Package xcolor Info: Model `Gray' substituted by `gray' on input line 1359.
Package xcolor Info: Model `wave' substituted by `hsb' on input line 1360.
 (/usr/local/texlive/2015/texmf-dist/tex/latex/graphics/dvipsnam.def
File: dvipsnam.def 2014/10/14 v3.0j Driver-dependent file (DPC,SPQR)
) (/usr/local/texlive/2015/texmf-dist/tex/latex/xcolor/svgnam.def
File: svgnam.def 2007/01/21 v2.11 Predefined colors according to SVG 1.1 (UK)
))
\langwohyphens=\language80
 (/usr/local/texlive/2015/texmf-dist/tex/latex/tools/multicol.sty
Package: multicol 2015/03/31 v1.8m multicolumn formatting (FMi)
\c@tracingmulticols=\count110
\mult@box=\box30
\multicol@leftmargin=\dimen124
\c@unbalance=\count111
\c@collectmore=\count112
\doublecol@number=\count113
\multicoltolerance=\count114
\multicolpretolerance=\count115
\full@width=\dimen125
\page@free=\dimen126
\premulticols=\dimen127
\postmulticols=\dimen128
\multicolsep=\skip84
\multicolbaselineskip=\skip85
\partial@page=\box31
\last@line=\box32
\maxbalancingoverflow=\dimen129
\mult@rightbox=\box33
\mult@grightbox=\box34
\mult@gfirstbox=\box35
\mult@firstbox=\box36
\@tempa=\box37
\@tempa=\box38
\@tempa=\box39
\@tempa=\box40
\@tempa=\box41
\@tempa=\box42
\@tempa=\box43
\@tempa=\box44
\@tempa=\box45
\@tempa=\box46
\@tempa=\box47
\@tempa=\box48
\@tempa=\box49
\@tempa=\box50
\@tempa=\box51
\@tempa=\box52
\@tempa=\box53
\c@columnbadness=\count116
\c@finalcolumnbadness=\count117
\last@try=\dimen130
\multicolovershoot=\dimen131
\multicolundershoot=\dimen132
\mult@nat@firstbox=\box54
\colbreak@box=\box55
\mc@col@check@num=\count118
))) (/usr/local/texlive/2015/texmf-dist/tex/latex/amsmath/amsmath.sty
Package: amsmath 2013/01/14 v2.14 AMS math features
\@mathmargin=\skip86

For additional information on amsmath, use the `?' option.
(/usr/local/texlive/2015/texmf-dist/tex/latex/amsmath/amstext.sty
Package: amstext 2000/06/29 v2.01
 (/usr/local/texlive/2015/texmf-dist/tex/latex/amsmath/amsgen.sty
File: amsgen.sty 1999/11/30 v2.0
\@emptytoks=\toks19
\ex@=\dimen133
)) (/usr/local/texlive/2015/texmf-dist/tex/latex/amsmath/amsbsy.sty
Package: amsbsy 1999/11/29 v1.2d
\pmbraise@=\dimen134
) (/usr/local/texlive/2015/texmf-dist/tex/latex/amsmath/amsopn.sty
Package: amsopn 1999/12/14 v2.01 operator names
)
\inf@bad=\count119
LaTeX Info: Redefining \frac on input line 210.
\uproot@=\count120
\leftroot@=\count121
LaTeX Info: Redefining \overline on input line 306.
\classnum@=\count122
\DOTSCASE@=\count123
LaTeX Info: Redefining \ldots on input line 378.
LaTeX Info: Redefining \dots on input line 381.
LaTeX Info: Redefining \cdots on input line 466.
\Mathstrutbox@=\box56
\strutbox@=\box57
\big@size=\dimen135
LaTeX Font Info:    Redeclaring font encoding OML on input line 566.
LaTeX Font Info:    Redeclaring font encoding OMS on input line 567.
\macc@depth=\count124
\c@MaxMatrixCols=\count125
\dotsspace@=\muskip11
\c@parentequation=\count126
\dspbrk@lvl=\count127
\tag@help=\toks20
\row@=\count128
\column@=\count129
\maxfields@=\count130
\andhelp@=\toks21
\eqnshift@=\dimen136
\alignsep@=\dimen137
\tagshift@=\dimen138
\tagwidth@=\dimen139
\totwidth@=\dimen140
\lineht@=\dimen141
\@envbody=\toks22
\multlinegap=\skip87
\multlinetaggap=\skip88
\mathdisplay@stack=\toks23
LaTeX Info: Redefining \[ on input line 2665.
LaTeX Info: Redefining \] on input line 2666.
) (/usr/local/texlive/2015/texmf-dist/tex/latex/amscls/amsthm.sty
Package: amsthm 2015/03/04 v2.20.2
\thm@style=\toks24
\thm@bodyfont=\toks25
\thm@headfont=\toks26
\thm@notefont=\toks27
\thm@headpunct=\toks28
\thm@preskip=\skip89
\thm@postskip=\skip90
\thm@headsep=\skip91
\dth@everypar=\toks29
) (/usr/local/texlive/2015/texmf-dist/tex/latex/graphics/graphicx.sty
Package: graphicx 2014/10/28 v1.0g Enhanced LaTeX Graphics (DPC,SPQR)
 (/usr/local/texlive/2015/texmf-dist/tex/latex/graphics/graphics.sty
Package: graphics 2014/10/28 v1.0p Standard LaTeX Graphics (DPC,SPQR)
 (/usr/local/texlive/2015/texmf-dist/tex/latex/graphics/trig.sty
Package: trig 1999/03/16 v1.09 sin cos tan (DPC)
) (/usr/local/texlive/2015/texmf-dist/tex/latex/latexconfig/graphics.cfg
File: graphics.cfg 2010/04/23 v1.9 graphics configuration of TeX Live
)
Package graphics Info: Driver file: pdftex.def on input line 94.
)
\Gin@req@height=\dimen142
\Gin@req@width=\dimen143
) (/usr/local/texlive/2015/texmf-dist/tex/latex/booktabs/booktabs.sty
Package: booktabs 2005/04/14 v1.61803 publication quality tables
\heavyrulewidth=\dimen144
\lightrulewidth=\dimen145
\cmidrulewidth=\dimen146
\belowrulesep=\dimen147
\belowbottomsep=\dimen148
\aboverulesep=\dimen149
\abovetopsep=\dimen150
\cmidrulesep=\dimen151
\cmidrulekern=\dimen152
\defaultaddspace=\dimen153
\@cmidla=\count131
\@cmidlb=\count132
\@aboverulesep=\dimen154
\@belowrulesep=\dimen155
\@thisruleclass=\count133
\@lastruleclass=\count134
\@thisrulewidth=\dimen156
) (/usr/local/texlive/2015/texmf-dist/tex/latex/units/units.sty
Package: units 1998/08/04 v0.9b Typesetting units
 (/usr/local/texlive/2015/texmf-dist/tex/latex/units/nicefrac.sty
Package: nicefrac 1998/08/04 v0.9b Nice fractions
\L@UnitsRaiseDisplaystyle=\skip92
\L@UnitsRaiseTextstyle=\skip93
\L@UnitsRaiseScriptstyle=\skip94
)) (/usr/local/texlive/2015/texmf-dist/tex/latex/fancyvrb/fancyvrb.sty
Package: fancyvrb 2008/02/07
 Style option: `fancyvrb' v2.7a, with DG/SPQR fixes, and firstline=lastline fix <2008/02/07> (tvz)
\FV@CodeLineNo=\count135
\FV@InFile=\read1
\FV@TabBox=\box58
\c@FancyVerbLine=\count136
\FV@StepNumber=\count137
\FV@OutFile=\write3
)
(/usr/local/texlive/2015/texmf-dist/tex/latex/lipsum/lipsum.sty
Package: lipsum 2014/07/27 v1.3 150 paragraphs of Lorem Ipsum dummy text
\c@lips@count=\count138
) (/usr/local/texlive/2015/texmf-dist/tex/latex/pdfpages/pdfpages.sty
Package: pdfpages 2015/05/11 v0.4x Insert pages of external PDF documents (AM)
 (/usr/local/texlive/2015/texmf-dist/tex/latex/eso-pic/eso-pic.sty
Package: eso-pic 2015/04/20 v2.0e eso-pic (RN)
)
\AM@pagewidth=\dimen157
\AM@pageheight=\dimen158
 (/usr/local/texlive/2015/texmf-dist/tex/latex/pdfpages/pppdftex.def
File: pppdftex.def 2015/05/11 v0.4x Pdfpages driver for pdfTeX (AM)
)
\AM@pagebox=\box59
\AM@toc@title=\toks30
\c@AM@survey=\count139
\AM@templatesizebox=\box60
) (/usr/local/texlive/2015/texmf-dist/tex/latex/pgfplots/pgfplots.sty (/usr/local/texlive/2015/texmf-dist/tex/generic/pgfplots/pgfplots.revision.tex)
Package: pgfplots 2015/05/02 v1.12.1 Data Visualization (1.12.1)
 (/usr/local/texlive/2015/texmf-dist/tex/latex/pgf/frontendlayer/tikz.sty (/usr/local/texlive/2015/texmf-dist/tex/latex/pgf/basiclayer/pgf.sty (/usr/local/texlive/2015/texmf-dist/tex/latex/pgf/utilities/pgfrcs.sty (/usr/local/texlive/2015/texmf-dist/tex/generic/pgf/utilities/pgfutil-common.tex
\pgfutil@everybye=\toks31
\pgfutil@tempdima=\dimen159
\pgfutil@tempdimb=\dimen160
 (/usr/local/texlive/2015/texmf-dist/tex/generic/pgf/utilities/pgfutil-common-lists.tex)) (/usr/local/texlive/2015/texmf-dist/tex/generic/pgf/utilities/pgfutil-latex.def
\pgfutil@abb=\box61
 (/usr/local/texlive/2015/texmf-dist/tex/latex/ms/everyshi.sty
Package: everyshi 2001/05/15 v3.00 EveryShipout Package (MS)
))
(/usr/local/texlive/2015/texmf-dist/tex/generic/pgf/utilities/pgfrcs.code.tex
Package: pgfrcs 2013/12/20 v3.0.0 (rcs-revision 1.28)
))
Package: pgf 2013/12/18 v3.0.0 (rcs-revision 1.14)
 (/usr/local/texlive/2015/texmf-dist/tex/latex/pgf/basiclayer/pgfcore.sty (/usr/local/texlive/2015/texmf-dist/tex/latex/pgf/systemlayer/pgfsys.sty (/usr/local/texlive/2015/texmf-dist/tex/generic/pgf/systemlayer/pgfsys.code.tex
Package: pgfsys 2013/11/30 v3.0.0 (rcs-revision 1.47)
 (/usr/local/texlive/2015/texmf-dist/tex/generic/pgf/utilities/pgfkeys.code.tex
\pgfkeys@pathtoks=\toks32
\pgfkeys@temptoks=\toks33
 (/usr/local/texlive/2015/texmf-dist/tex/generic/pgf/utilities/pgfkeysfiltered.code.tex
\pgfkeys@tmptoks=\toks34
))
\pgf@x=\dimen161
\pgf@y=\dimen162
\pgf@xa=\dimen163
\pgf@ya=\dimen164
\pgf@xb=\dimen165
\pgf@yb=\dimen166
\pgf@xc=\dimen167
\pgf@yc=\dimen168
\w@pgf@writea=\write4
\r@pgf@reada=\read2
\c@pgf@counta=\count140
\c@pgf@countb=\count141
\c@pgf@countc=\count142
\c@pgf@countd=\count143
\t@pgf@toka=\toks35
\t@pgf@tokb=\toks36
\t@pgf@tokc=\toks37
 (/usr/local/texlive/2015/texmf-dist/tex/generic/pgf/systemlayer/pgf.cfg
File: pgf.cfg 2008/05/14  (rcs-revision 1.7)
)
Driver file for pgf: pgfsys-pdftex.def
 (/usr/local/texlive/2015/texmf-dist/tex/generic/pgf/systemlayer/pgfsys-pdftex.def
File: pgfsys-pdftex.def 2013/07/18  (rcs-revision 1.33)
 (/usr/local/texlive/2015/texmf-dist/tex/generic/pgf/systemlayer/pgfsys-common-pdf.def
File: pgfsys-common-pdf.def 2013/10/10  (rcs-revision 1.13)
))) (/usr/local/texlive/2015/texmf-dist/tex/generic/pgf/systemlayer/pgfsyssoftpath.code.tex
File: pgfsyssoftpath.code.tex 2013/09/09  (rcs-revision 1.9)
\pgfsyssoftpath@smallbuffer@items=\count144
\pgfsyssoftpath@bigbuffer@items=\count145
) (/usr/local/texlive/2015/texmf-dist/tex/generic/pgf/systemlayer/pgfsysprotocol.code.tex
File: pgfsysprotocol.code.tex 2006/10/16  (rcs-revision 1.4)
)) (/usr/local/texlive/2015/texmf-dist/tex/generic/pgf/basiclayer/pgfcore.code.tex
Package: pgfcore 2010/04/11 v3.0.0 (rcs-revision 1.7)

(/usr/local/texlive/2015/texmf-dist/tex/generic/pgf/math/pgfmath.code.tex (/usr/local/texlive/2015/texmf-dist/tex/generic/pgf/math/pgfmathcalc.code.tex (/usr/local/texlive/2015/texmf-dist/tex/generic/pgf/math/pgfmathutil.code.tex) (/usr/local/texlive/2015/texmf-dist/tex/generic/pgf/math/pgfmathparser.code.tex
\pgfmath@dimen=\dimen169
\pgfmath@count=\count146
\pgfmath@box=\box62
\pgfmath@toks=\toks38
\pgfmath@stack@operand=\toks39
\pgfmath@stack@operation=\toks40
) (/usr/local/texlive/2015/texmf-dist/tex/generic/pgf/math/pgfmathfunctions.code.tex (/usr/local/texlive/2015/texmf-dist/tex/generic/pgf/math/pgfmathfunctions.basic.code.tex) (/usr/local/texlive/2015/texmf-dist/tex/generic/pgf/math/pgfmathfunctions.trigonometric.code.tex) (/usr/local/texlive/2015/texmf-dist/tex/generic/pgf/math/pgfmathfunctions.random.code.tex) (/usr/local/texlive/2015/texmf-dist/tex/generic/pgf/math/pgfmathfunctions.comparison.code.tex) (/usr/local/texlive/2015/texmf-dist/tex/generic/pgf/math/pgfmathfunctions.base.code.tex) (/usr/local/texlive/2015/texmf-dist/tex/generic/pgf/math/pgfmathfunctions.round.code.tex)
(/usr/local/texlive/2015/texmf-dist/tex/generic/pgf/math/pgfmathfunctions.misc.code.tex) (/usr/local/texlive/2015/texmf-dist/tex/generic/pgf/math/pgfmathfunctions.integerarithmetics.code.tex))) (/usr/local/texlive/2015/texmf-dist/tex/generic/pgf/math/pgfmathfloat.code.tex
\c@pgfmathroundto@lastzeros=\count147
)) (/usr/local/texlive/2015/texmf-dist/tex/generic/pgf/basiclayer/pgfcorepoints.code.tex
File: pgfcorepoints.code.tex 2013/10/07  (rcs-revision 1.27)
\pgf@picminx=\dimen170
\pgf@picmaxx=\dimen171
\pgf@picminy=\dimen172
\pgf@picmaxy=\dimen173
\pgf@pathminx=\dimen174
\pgf@pathmaxx=\dimen175
\pgf@pathminy=\dimen176
\pgf@pathmaxy=\dimen177
\pgf@xx=\dimen178
\pgf@xy=\dimen179
\pgf@yx=\dimen180
\pgf@yy=\dimen181
\pgf@zx=\dimen182
\pgf@zy=\dimen183
) (/usr/local/texlive/2015/texmf-dist/tex/generic/pgf/basiclayer/pgfcorepathconstruct.code.tex
File: pgfcorepathconstruct.code.tex 2013/10/07  (rcs-revision 1.29)
\pgf@path@lastx=\dimen184
\pgf@path@lasty=\dimen185
) (/usr/local/texlive/2015/texmf-dist/tex/generic/pgf/basiclayer/pgfcorepathusage.code.tex
File: pgfcorepathusage.code.tex 2013/12/13  (rcs-revision 1.23)
\pgf@shorten@end@additional=\dimen186
\pgf@shorten@start@additional=\dimen187
) (/usr/local/texlive/2015/texmf-dist/tex/generic/pgf/basiclayer/pgfcorescopes.code.tex
File: pgfcorescopes.code.tex 2013/10/09  (rcs-revision 1.44)
\pgfpic=\box63
\pgf@hbox=\box64
\pgf@layerbox@main=\box65
\pgf@picture@serial@count=\count148
) (/usr/local/texlive/2015/texmf-dist/tex/generic/pgf/basiclayer/pgfcoregraphicstate.code.tex
File: pgfcoregraphicstate.code.tex 2013/09/19  (rcs-revision 1.11)
\pgflinewidth=\dimen188
) (/usr/local/texlive/2015/texmf-dist/tex/generic/pgf/basiclayer/pgfcoretransformations.code.tex
File: pgfcoretransformations.code.tex 2013/10/10  (rcs-revision 1.17)
\pgf@pt@x=\dimen189
\pgf@pt@y=\dimen190
\pgf@pt@temp=\dimen191
) (/usr/local/texlive/2015/texmf-dist/tex/generic/pgf/basiclayer/pgfcorequick.code.tex
File: pgfcorequick.code.tex 2008/10/09  (rcs-revision 1.3)
) (/usr/local/texlive/2015/texmf-dist/tex/generic/pgf/basiclayer/pgfcoreobjects.code.tex
File: pgfcoreobjects.code.tex 2006/10/11  (rcs-revision 1.2)
)
(/usr/local/texlive/2015/texmf-dist/tex/generic/pgf/basiclayer/pgfcorepathprocessing.code.tex
File: pgfcorepathprocessing.code.tex 2013/09/09  (rcs-revision 1.9)
) (/usr/local/texlive/2015/texmf-dist/tex/generic/pgf/basiclayer/pgfcorearrows.code.tex
File: pgfcorearrows.code.tex 2013/11/07  (rcs-revision 1.40)
\pgfarrowsep=\dimen192
) (/usr/local/texlive/2015/texmf-dist/tex/generic/pgf/basiclayer/pgfcoreshade.code.tex
File: pgfcoreshade.code.tex 2013/07/15  (rcs-revision 1.15)
\pgf@max=\dimen193
\pgf@sys@shading@range@num=\count149
) (/usr/local/texlive/2015/texmf-dist/tex/generic/pgf/basiclayer/pgfcoreimage.code.tex
File: pgfcoreimage.code.tex 2013/07/15  (rcs-revision 1.18)
 (/usr/local/texlive/2015/texmf-dist/tex/generic/pgf/basiclayer/pgfcoreexternal.code.tex
File: pgfcoreexternal.code.tex 2013/07/15  (rcs-revision 1.20)
\pgfexternal@startupbox=\box66
)) (/usr/local/texlive/2015/texmf-dist/tex/generic/pgf/basiclayer/pgfcorelayers.code.tex
File: pgfcorelayers.code.tex 2013/07/18  (rcs-revision 1.7)
) (/usr/local/texlive/2015/texmf-dist/tex/generic/pgf/basiclayer/pgfcoretransparency.code.tex
File: pgfcoretransparency.code.tex 2013/09/30  (rcs-revision 1.5)
) (/usr/local/texlive/2015/texmf-dist/tex/generic/pgf/basiclayer/pgfcorepatterns.code.tex
File: pgfcorepatterns.code.tex 2013/11/07  (rcs-revision 1.5)
))) (/usr/local/texlive/2015/texmf-dist/tex/generic/pgf/modules/pgfmoduleshapes.code.tex
File: pgfmoduleshapes.code.tex 2013/10/31  (rcs-revision 1.34)
\pgfnodeparttextbox=\box67
) (/usr/local/texlive/2015/texmf-dist/tex/generic/pgf/modules/pgfmoduleplot.code.tex
File: pgfmoduleplot.code.tex 2013/07/31  (rcs-revision 1.12)
) (/usr/local/texlive/2015/texmf-dist/tex/latex/pgf/compatibility/pgfcomp-version-0-65.sty
Package: pgfcomp-version-0-65 2007/07/03 v3.0.0 (rcs-revision 1.7)
\pgf@nodesepstart=\dimen194
\pgf@nodesepend=\dimen195
)
(/usr/local/texlive/2015/texmf-dist/tex/latex/pgf/compatibility/pgfcomp-version-1-18.sty
Package: pgfcomp-version-1-18 2007/07/23 v3.0.0 (rcs-revision 1.1)
)) (/usr/local/texlive/2015/texmf-dist/tex/latex/pgf/utilities/pgffor.sty (/usr/local/texlive/2015/texmf-dist/tex/latex/pgf/utilities/pgfkeys.sty (/usr/local/texlive/2015/texmf-dist/tex/generic/pgf/utilities/pgfkeys.code.tex)) (/usr/local/texlive/2015/texmf-dist/tex/latex/pgf/math/pgfmath.sty (/usr/local/texlive/2015/texmf-dist/tex/generic/pgf/math/pgfmath.code.tex)) (/usr/local/texlive/2015/texmf-dist/tex/generic/pgf/utilities/pgffor.code.tex
Package: pgffor 2013/12/13 v3.0.0 (rcs-revision 1.25)
 (/usr/local/texlive/2015/texmf-dist/tex/generic/pgf/math/pgfmath.code.tex)
\pgffor@iter=\dimen196
\pgffor@skip=\dimen197
\pgffor@stack=\toks41
\pgffor@toks=\toks42
)) (/usr/local/texlive/2015/texmf-dist/tex/generic/pgf/frontendlayer/tikz/tikz.code.tex
Package: tikz 2013/12/13 v3.0.0 (rcs-revision 1.142)
 (/usr/local/texlive/2015/texmf-dist/tex/generic/pgf/libraries/pgflibraryplothandlers.code.tex
File: pgflibraryplothandlers.code.tex 2013/08/31 v3.0.0 (rcs-revision 1.20)
\pgf@plot@mark@count=\count150
\pgfplotmarksize=\dimen198
)
\tikz@lastx=\dimen199
\tikz@lasty=\dimen200
\tikz@lastxsaved=\dimen201
\tikz@lastysaved=\dimen202
\tikzleveldistance=\dimen203
\tikzsiblingdistance=\dimen204
\tikz@figbox=\box68
\tikz@figbox@bg=\box69
\tikz@tempbox=\box70
\tikz@tempbox@bg=\box71
\tikztreelevel=\count151
\tikznumberofchildren=\count152
\tikznumberofcurrentchild=\count153
\tikz@fig@count=\count154
 (/usr/local/texlive/2015/texmf-dist/tex/generic/pgf/modules/pgfmodulematrix.code.tex
File: pgfmodulematrix.code.tex 2013/09/17  (rcs-revision 1.8)
\pgfmatrixcurrentrow=\count155
\pgfmatrixcurrentcolumn=\count156
\pgf@matrix@numberofcolumns=\count157
)
\tikz@expandcount=\count158
 (/usr/local/texlive/2015/texmf-dist/tex/generic/pgf/frontendlayer/tikz/libraries/tikzlibrarytopaths.code.tex
File: tikzlibrarytopaths.code.tex 2008/06/17 v3.0.0 (rcs-revision 1.2)
)))
(/usr/local/texlive/2015/texmf-dist/tex/generic/pgfplots/pgfplots.code.tex (/usr/local/texlive/2015/texmf-dist/tex/generic/pgfplots/pgfplotscore.code.tex
\t@pgfplots@toka=\toks43
\t@pgfplots@tokb=\toks44
\t@pgfplots@tokc=\toks45
\pgfplots@tmpa=\dimen205
\c@pgfplots@coordindex=\count159
\c@pgfplots@scanlineindex=\count160
 (/usr/local/texlive/2015/texmf-dist/tex/generic/pgfplots/sys/pgfplotssysgeneric.code.tex)) (/usr/local/texlive/2015/texmf-dist/tex/generic/pgfplots/libs/pgfplotslibrary.code.tex) (/usr/local/texlive/2015/texmf-dist/tex/generic/pgfplots/oldpgfcompatib/pgfplotsoldpgfsupp_loader.code.tex (/usr/local/texlive/2015/texmf-dist/tex/generic/pgf/libraries/pgflibraryfpu.code.tex)
Package pgfplots: loading complementary arithmetics for your pgf version...
(/usr/local/texlive/2015/texmf-dist/tex/generic/pgfplots/oldpgfcompatib/pgfplotsoldpgfsupp_pgflibraryfpu.code.tex) (/usr/local/texlive/2015/texmf-dist/tex/generic/pgfplots/oldpgfcompatib/pgfplotsoldpgfsupp_pgfmathfloat.code.tex
\c@pgfmathroundto@lastzeros=\count161
) (/usr/local/texlive/2015/texmf-dist/tex/generic/pgfplots/oldpgfcompatib/pgfplotsoldpgfsupp_trig_format.code.tex)) (/usr/local/texlive/2015/texmf-dist/tex/generic/pgfplots/util/pgfplotsutil.code.tex (/usr/local/texlive/2015/texmf-dist/tex/generic/pgfplots/liststructure/pgfplotsliststructure.code.tex) (/usr/local/texlive/2015/texmf-dist/tex/generic/pgfplots/liststructure/pgfplotsliststructureext.code.tex) (/usr/local/texlive/2015/texmf-dist/tex/generic/pgfplots/liststructure/pgfplotsarray.code.tex
\c@pgfplotsarray@tmp=\count162
) (/usr/local/texlive/2015/texmf-dist/tex/generic/pgfplots/liststructure/pgfplotsmatrix.code.tex) (/usr/local/texlive/2015/texmf-dist/tex/generic/pgfplots/numtable/pgfplotstableshared.code.tex
\c@pgfplotstable@counta=\count163
\t@pgfplotstable@a=\toks46
)
(/usr/local/texlive/2015/texmf-dist/tex/generic/pgfplots/liststructure/pgfplotsdeque.code.tex) (/usr/local/texlive/2015/texmf-dist/tex/generic/pgfplots/util/pgfplotsbinary.code.tex (/usr/local/texlive/2015/texmf-dist/tex/generic/pgfplots/util/pgfplotsbinary.data.code.tex)) (/usr/local/texlive/2015/texmf-dist/tex/generic/pgfplots/util/pgfplotsutil.verb.code.tex) (/usr/local/texlive/2015/texmf-dist/tex/generic/pgfplots/libs/pgflibrarypgfplots.surfshading.code.tex
\c@pgfplotslibrarysurf@no=\count164
 (/usr/local/texlive/2015/texmf-dist/tex/generic/pgfplots/sys/pgflibrarypgfplots.surfshading.pgfsys-pdftex.def))) (/usr/local/texlive/2015/texmf-dist/tex/generic/pgfplots/util/pgfplotscolormap.code.tex (/usr/local/texlive/2015/texmf-dist/tex/generic/pgfplots/util/pgfplotscolor.code.tex)) (/usr/local/texlive/2015/texmf-dist/tex/generic/pgfplots/pgfplotsstackedplots.code.tex) (/usr/local/texlive/2015/texmf-dist/tex/generic/pgfplots/pgfplotsplothandlers.code.tex
(/usr/local/texlive/2015/texmf-dist/tex/generic/pgfplots/pgfplotsmeshplothandler.code.tex)) (/usr/local/texlive/2015/texmf-dist/tex/generic/pgfplots/pgfplots.scaling.code.tex) (/usr/local/texlive/2015/texmf-dist/tex/generic/pgfplots/pgfplotscoordprocessing.code.tex) (/usr/local/texlive/2015/texmf-dist/tex/generic/pgfplots/pgfplots.errorbars.code.tex) (/usr/local/texlive/2015/texmf-dist/tex/generic/pgfplots/pgfplots.markers.code.tex) (/usr/local/texlive/2015/texmf-dist/tex/generic/pgfplots/pgfplotsticks.code.tex) (/usr/local/texlive/2015/texmf-dist/tex/generic/pgfplots/pgfplots.paths.code.tex) (/usr/local/texlive/2015/texmf-dist/tex/generic/pgf/frontendlayer/tikz/libraries/tikzlibrarydecorations.code.tex (/usr/local/texlive/2015/texmf-dist/tex/generic/pgf/modules/pgfmoduledecorations.code.tex
\pgfdecoratedcompleteddistance=\dimen206
\pgfdecoratedremainingdistance=\dimen207
\pgfdecoratedinputsegmentcompleteddistance=\dimen208
\pgfdecoratedinputsegmentremainingdistance=\dimen209
\pgf@decorate@distancetomove=\dimen210
\pgf@decorate@repeatstate=\count165
\pgfdecorationsegmentamplitude=\dimen211
\pgfdecorationsegmentlength=\dimen212
)
\tikz@lib@dec@box=\box72
) (/usr/local/texlive/2015/texmf-dist/tex/generic/pgf/frontendlayer/tikz/libraries/tikzlibrarydecorations.pathmorphing.code.tex
(/usr/local/texlive/2015/texmf-dist/tex/generic/pgf/libraries/decorations/pgflibrarydecorations.pathmorphing.code.tex)) (/usr/local/texlive/2015/texmf-dist/tex/generic/pgf/frontendlayer/tikz/libraries/tikzlibrarydecorations.pathreplacing.code.tex (/usr/local/texlive/2015/texmf-dist/tex/generic/pgf/libraries/decorations/pgflibrarydecorations.pathreplacing.code.tex))
\pgfplots@numplots=\count166
\pgfplots@xmin@reg=\dimen213
\pgfplots@xmax@reg=\dimen214
\pgfplots@ymin@reg=\dimen215
\pgfplots@ymax@reg=\dimen216
\pgfplots@zmin@reg=\dimen217
\pgfplots@zmax@reg=\dimen218
) (/usr/local/texlive/2015/texmf-dist/tex/generic/pgf/frontendlayer/tikz/libraries/tikzlibraryplotmarks.code.tex
File: tikzlibraryplotmarks.code.tex 2008/01/09 v3.0.0 (rcs-revision 1.1)
 (/usr/local/texlive/2015/texmf-dist/tex/generic/pgf/libraries/pgflibraryplotmarks.code.tex
File: pgflibraryplotmarks.code.tex 2013/07/20 v3.0.0 (rcs-revision 1.13)
))) (./Empirical Analysis-2013.aux)
\openout1 = `"Empirical Analysis-2013.aux"'.

LaTeX Font Info:    Checking defaults for OML/cmm/m/it on input line 70.
LaTeX Font Info:    ... okay on input line 70.
LaTeX Font Info:    Checking defaults for T1/cmr/m/n on input line 70.
LaTeX Font Info:    ... okay on input line 70.
LaTeX Font Info:    Checking defaults for OT1/cmr/m/n on input line 70.
LaTeX Font Info:    ... okay on input line 70.
LaTeX Font Info:    Checking defaults for OMS/cmsy/m/n on input line 70.
LaTeX Font Info:    ... okay on input line 70.
LaTeX Font Info:    Checking defaults for OMX/cmex/m/n on input line 70.
LaTeX Font Info:    ... okay on input line 70.
LaTeX Font Info:    Checking defaults for U/cmr/m/n on input line 70.
LaTeX Font Info:    ... okay on input line 70.
LaTeX Font Info:    Checking defaults for PD1/pdf/m/n on input line 70.
LaTeX Font Info:    ... okay on input line 70.
LaTeX Font Info:    Checking defaults for PU/pdf/m/n on input line 70.
LaTeX Font Info:    ... okay on input line 70.
LaTeX Font Info:    Checking defaults for TS1/cmr/m/n on input line 70.
LaTeX Font Info:    Try loading font information for TS1+cmr on input line 70.
 (/usr/local/texlive/2015/texmf-dist/tex/latex/base/ts1cmr.fd
File: ts1cmr.fd 2014/09/29 v2.5h Standard LaTeX font definitions
)
LaTeX Font Info:    ... okay on input line 70.
LaTeX Font Info:    Try loading font information for T1+pplj on input line 70.
 (/usr/local/texlive/2015/texmf-dist/tex/latex/psnfss/t1pplj.fd
File: t1pplj.fd 2004/09/06 font definitions for T1/pplj.
)
\AtBeginShipoutBox=\box73
Package hyperref Info: Link coloring OFF on input line 70.
 (/usr/local/texlive/2015/texmf-dist/tex/latex/hyperref/nameref.sty
Package: nameref 2012/10/27 v2.43 Cross-referencing by name of section
 (/usr/local/texlive/2015/texmf-dist/tex/generic/oberdiek/gettitlestring.sty
Package: gettitlestring 2010/12/03 v1.4 Cleanup title references (HO)
)
\c@section@level=\count167
)
LaTeX Info: Redefining \ref on input line 70.
LaTeX Info: Redefining \pageref on input line 70.
LaTeX Info: Redefining \nameref on input line 70.
 (./Empirical Analysis-2013.out) (./Empirical Analysis-2013.out)
\@outlinefile=\write5
\openout5 = `"Empirical Analysis-2013.out"'.

 ABD: EverySelectfont initializing macros
LaTeX Info: Redefining \selectfont on input line 70.

*geometry* driver: auto-detecting
*geometry* detected driver: pdftex
*geometry* verbose mode - [ preamble ] result:
* driver: pdftex
* paper: letterpaper
* layout: <same size as paper>
* layoutoffset:(h,v)=(0.0pt,0.0pt)
* modes: twoside asymmetric 
* h-part:(L,W,R)=(72.26999pt, 312.0pt, 230.02501pt)
* v-part:(T,H,B)=(72.26999pt, 616.0pt, 106.7pt)
* \paperwidth=614.295pt
* \paperheight=794.96999pt
* \textwidth=312.0pt
* \textheight=616.0pt
* \oddsidemargin=0.0pt
* \evensidemargin=0.0pt
* \topmargin=-42.0pt
* \headheight=14.0pt
* \headsep=28.0pt
* \topskip=10.0pt
* \footskip=25.29494pt
* \marginparwidth=144.0pt
* \marginparsep=24.0pt
* \columnsep=10.0pt
* \skip\footins=9.0pt plus 4.0pt minus 2.0pt
* \hoffset=0.0pt
* \voffset=0.0pt
* \mag=1000
* \@twocolumnfalse
* \@twosidetrue
* \@mparswitchfalse
* \@reversemarginfalse
* (1in=72.27pt=25.4mm, 1cm=28.453pt)

(/usr/local/texlive/2015/texmf-dist/tex/context/base/supp-pdf.mkii
[Loading MPS to PDF converter (version 2006.09.02).]
\scratchcounter=\count168
\scratchdimen=\dimen219
\scratchbox=\box74
\nofMPsegments=\count169
\nofMParguments=\count170
\everyMPshowfont=\toks47
\MPscratchCnt=\count171
\MPscratchDim=\dimen220
\MPnumerator=\count172
\makeMPintoPDFobject=\count173
\everyMPtoPDFconversion=\toks48
) (/usr/local/texlive/2015/texmf-dist/tex/latex/oberdiek/epstopdf-base.sty
Package: epstopdf-base 2010/02/09 v2.5 Base part for package epstopdf
 (/usr/local/texlive/2015/texmf-dist/tex/latex/oberdiek/grfext.sty
Package: grfext 2010/08/19 v1.1 Manage graphics extensions (HO)
)
Package grfext Info: Graphics extension search list:
(grfext)             [.png,.pdf,.jpg,.mps,.jpeg,.jbig2,.jb2,.PNG,.PDF,.JPG,.JPEG,.JBIG2,.JB2,.eps]
(grfext)             \AppendGraphicsExtensions on input line 452.
 (/usr/local/texlive/2015/texmf-dist/tex/latex/latexconfig/epstopdf-sys.cfg
File: epstopdf-sys.cfg 2010/07/13 v1.3 Configuration of (r)epstopdf for TeX Live
)) ABD: EveryShipout initializing macros

Package pgfplots Warning: running in backwards compatibility mode (unsuitable tick labels; missing features). Consider writing \pgfplotsset{compat=1.12} into your preamble.
 on input line 70.

LaTeX Font Info:    Try loading font information for T1+phv on input line 72.
(/usr/local/texlive/2015/texmf-dist/tex/latex/psnfss/t1phv.fd
File: t1phv.fd 2001/06/04 scalable font definitions for T1/phv.
)
LaTeX Font Info:    Font shape `T1/phv/m/n' will be
(Font)              scaled to size 8.99994pt on input line 72.
LaTeX Font Info:    Font shape `T1/phv/m/n' will be
(Font)              scaled to size 16.19989pt on input line 72.
LaTeX Font Info:    Font shape `T1/phv/m/n' will be
(Font)              scaled to size 32.39978pt on input line 72.
LaTeX Font Info:    Font shape `T1/phv/m/n' will be
(Font)              scaled to size 12.59991pt on input line 72.
 [1


{/usr/local/texlive/2015/texmf-var/fonts/map/pdftex/updmap/pdftex.map}] [2


]
LaTeX Font Info:    Font shape `T1/pplj/bx/n' in size <20.74> not available
(Font)              Font shape `T1/pplj/b/n' tried instead on input line 73.
LaTeX Font Info:    Font shape `T1/pplj/bx/n' in size <24> not available
(Font)              Font shape `T1/pplj/b/n' tried instead on input line 73.
 [3] [4]
LaTeX Font Info:    Try loading font information for OT1+pplx on input line 78.
 (/usr/local/texlive/2015/texmf-dist/tex/latex/psnfss/ot1pplx.fd
File: ot1pplx.fd 2004/09/06 font definitions for OT1/pplx.
)
LaTeX Font Info:    Try loading font information for OML+zplm on input line 78.
 (/usr/local/texlive/2015/texmf-dist/tex/latex/psnfss/omlzplm.fd
File: omlzplm.fd 2002/09/08 Fontinst v1.914 font definitions for OML/zplm.
)
LaTeX Font Info:    Try loading font information for OMS+zplm on input line 78.
 (/usr/local/texlive/2015/texmf-dist/tex/latex/psnfss/omszplm.fd
File: omszplm.fd 2002/09/08 Fontinst v1.914 font definitions for OMS/zplm.
)
LaTeX Font Info:    Try loading font information for OMX+zplm on input line 78.
 (/usr/local/texlive/2015/texmf-dist/tex/latex/psnfss/omxzplm.fd
File: omxzplm.fd 2002/09/08 Fontinst v1.914 font definitions for OMX/zplm.
)
LaTeX Font Info:    Try loading font information for OT1+zplm on input line 78.
 (/usr/local/texlive/2015/texmf-dist/tex/latex/psnfss/ot1zplm.fd
File: ot1zplm.fd 2002/09/08 Fontinst v1.914 font definitions for OT1/zplm.
)
LaTeX Font Info:    Try loading font information for U+fplmbb on input line 78.
 (/usr/local/texlive/2015/texmf-dist/tex/latex/psnfss/ufplmbb.fd
File: ufplmbb.fd 2003/10/30 Fontinst v1.914 font definitions for U/fplmbb.
)

LaTeX Warning: Marginpar on page 5 moved.

LaTeX Font Info:    Font shape `T1/pplj/bx/n' in size <10> not available
(Font)              Font shape `T1/pplj/b/n' tried instead on input line 88.
[5

]

LaTeX Warning: File `kolmogorov.jpg' not found on input line 105.


./Empirical Analysis-2013.tex:105: Package pdftex.def Error: File `kolmogorov.jpg' not found.

See the pdftex.def package documentation for explanation.
Type  H <return>  for immediate help.
 ...                                              
                                                  
l.105 			\includegraphics{kolmogorov.jpg}
                                         
Using draft setting for this image.
Try typing  <return>  to proceed.
If that doesn't work, type  X <return>  to quit.

LaTeX Font Info:    Try loading font information for T1+fvm on input line 105.
(/usr/local/texlive/2015/texmf-dist/tex/latex/bera/t1fvm.fd
File: t1fvm.fd 2004/09/07 scalable font definitions for T1/fvm.
)
LaTeX Font Info:    Font shape `T1/fvm/m/n' will be
(Font)              scaled to size 6.80005pt on input line 105.


LaTeX Warning: Marginpar on page 6 moved.

[6]

LaTeX Warning: Marginpar on page 7 moved.


LaTeX Warning: Marginpar on page 7 moved.


LaTeX Warning: Marginpar on page 7 moved.

[7]

LaTeX Warning: Marginpar on page 8 moved.


Overfull \hbox (10.43364pt too wide) in paragraph at lines 200--201
[][]  
 []


LaTeX Warning: Marginpar on page 8 moved.


Overfull \hbox (3.94972pt too wide) detected at line 218
\OML/zplm/m/it/10 Eg\OT1/zplm/m/n/10 (\OML/zplm/m/it/10 X\OT1/zplm/m/n/10 ) = []
 []


LaTeX Warning: Marginpar on page 8 moved.

[8]

LaTeX Warning: Marginpar on page 9 moved.


LaTeX Warning: Marginpar on page 9 moved.

[9]

LaTeX Warning: Marginpar on page 10 moved.


LaTeX Warning: Marginpar on page 10 moved.

[10]
Overfull \hbox (20.27217pt too wide) detected at line 288
\OML/zplm/m/it/8 P\OMS/zplm/m/n/8 f\OML/zplm/m/it/8 X[] \OMS/zplm/m/n/8 ^^T \OML/zplm/m/it/8 x[]\OT1/pplx/m/n/8 , [] , \OML/zplm/m/it/8 X[] \OMS/zplm/m/n/8 ^^T \OML/zplm/m/it/8 x[]\OMS/zplm/m/n/8 g \OT1/zplm/m/n/8 = [] \OML/zplm/m/it/8 P\OMS/zplm/m/n/8 f\OML/zplm/m/it/8 X[] \OMS/zplm/m/n/8 ^^T \OML/zplm/m/it/8 x[]\OMS/zplm/m/n/8 g
 []


Overfull \hbox (17.19934pt too wide) in paragraph at lines 284--290
\T1/pplj/m/sc/10/50ls Given $\OML/zplm/m/it/10 X[]\OT1/pplx/m/n/10 , [] , \OML/zplm/m/it/10 X[] [] P$ \T1/pplj/m/n/10 which is as-sumed to sat-isfy some parametric/non- 
 []


LaTeX Warning: Marginpar on page 11 moved.


LaTeX Warning: Marginpar on page 11 moved.


LaTeX Warning: Marginpar on page 11 moved.


LaTeX Warning: Marginpar on page 11 moved.

[11

]

LaTeX Warning: Marginpar on page 12 moved.


LaTeX Warning: File `markov.jpg' not found on input line 318.


./Empirical Analysis-2013.tex:318: Package pdftex.def Error: File `markov.jpg' not found.

See the pdftex.def package documentation for explanation.
Type  H <return>  for immediate help.
 ...                                              
                                                  
l.318 ...arginfigure} \includegraphics{markov.jpg}
                                                   \caption{Andrey Markov po...
Using draft setting for this image.
Try typing  <return>  to proceed.
If that doesn't work, type  X <return>  to quit.


LaTeX Warning: Marginpar on page 12 moved.


LaTeX Warning: Marginpar on page 12 moved.


Overfull \hbox (27.6661pt too wide) in paragraph at lines 334--334
[]  
 []


LaTeX Warning: File `wlln.pdf' not found on input line 337.


./Empirical Analysis-2013.tex:337: Package pdftex.def Error: File `wlln.pdf' not found.

See the pdftex.def package documentation for explanation.
Type  H <return>  for immediate help.
 ...                                              
                                                  
l.337 \begin{figure*} \includegraphics{wlln.pdf}
                                                 \caption{The moving average...
Using draft setting for this image.
Try typing  <return>  to proceed.
If that doesn't work, type  X <return>  to quit.

LaTeX Font Info:    Font shape `T1/fvm/m/n' will be
(Font)              scaled to size 8.50006pt on input line 337.
[12] [13]

LaTeX Warning: Marginpar on page 14 moved.


LaTeX Warning: Marginpar on page 14 moved.


LaTeX Warning: Marginpar on page 14 moved.


LaTeX Warning: Marginpar on page 14 moved.


LaTeX Warning: Marginpar on page 14 moved.


LaTeX Warning: Marginpar on page 14 moved.


LaTeX Warning: Marginpar on page 14 moved.


LaTeX Warning: Marginpar on page 14 moved.


LaTeX Warning: Marginpar on page 14 moved.


LaTeX Warning: Marginpar on page 14 moved.


LaTeX Warning: Marginpar on page 14 moved.


LaTeX Warning: File `jensen.jpg' not found on input line 367.


./Empirical Analysis-2013.tex:367: Package pdftex.def Error: File `jensen.jpg' not found.

See the pdftex.def package documentation for explanation.
Type  H <return>  for immediate help.
 ...                                              
                                                  
l.367 			\includegraphics{jensen.jpg}
                                     
Using draft setting for this image.
Try typing  <return>  to proceed.
If that doesn't work, type  X <return>  to quit.


Overfull \hbox (2.33644pt too wide) in paragraph at lines 366--368
 []  
 []


LaTeX Warning: Marginpar on page 14 moved.

[14]
Overfull \hbox (32.75948pt too wide) detected at line 388
\OML/zplm/m/it/8 E\OT1/zplm/m/n/8 [\OMS/zplm/m/n/8 j\OML/zplm/m/it/8 X\OMS/zplm/m/n/8 j[]\OT1/zplm/m/n/8 ] = \OML/zplm/m/it/8 E\OT1/zplm/m/n/8 [\OML/zplm/m/it/8 f\OT1/zplm/m/n/8 (\OMS/zplm/m/n/8 j\OML/zplm/m/it/8 X\OMS/zplm/m/n/8 j[]\OT1/zplm/m/n/8 )] \OMS/zplm/m/n/8 ^^U \OML/zplm/m/it/8 f [] \OT1/zplm/m/n/8 = [][]
 []


LaTeX Warning: Marginpar on page 15 moved.


LaTeX Warning: Marginpar on page 15 moved.


LaTeX Warning: Marginpar on page 15 moved.

[15]

LaTeX Warning: Marginpar on page 16 moved.


Overfull \hbox (20.92653pt too wide) in paragraph at lines 414--414
[]  
 []


Overfull \hbox (55.53381pt too wide) detected at line 422
\OMS/zplm/m/n/8 8 \OML/zplm/m/it/8 x \OMS/zplm/m/n/8 2 \OML/zplm/m/it/8 C\OT1/pplx/m/n/8 ,  \OMS/zplm/m/n/8 9 \OML/zplm/m/it/8 ^^N > \OT1/pplx/m/n/8 0 \OML/zplm/m/it/8 s\OT1/zplm/m/n/8 /\OML/zplm/m/it/8 t \OMS/zplm/m/n/8 j\OML/zplm/m/it/8 x \OMS/zplm/m/n/8 ^^@ \OML/zplm/m/it/8 y\OMS/zplm/m/n/8 j \OML/zplm/m/it/8 < ^^N  \OT1/zplm/m/n/8 =[]\OMS/zplm/m/n/8 )  j\OML/zplm/m/it/8 g\OT1/zplm/m/n/8 (\OML/zplm/m/it/8 x\OT1/zplm/m/n/8 ) \OMS/zplm/m/n/8 ^^@ \OML/zplm/m/it/8 g\OT1/zplm/m/n/8 (\OML/zplm/m/it/8 y\OT1/zplm/m/n/8 )\OMS/zplm/m/n/8 j \OML/zplm/m/it/8 < ^^O []
 []


LaTeX Warning: Marginpar on page 16 moved.

[16]

LaTeX Warning: Marginpar on page 17 moved.


Overfull \hbox (162.74983pt too wide) in paragraph at lines 436--436
[]  
 []


Overfull \hbox (127.74164pt too wide) in paragraph at lines 448--448
[]  
 []


LaTeX Warning: Marginpar on page 17 moved.


LaTeX Warning: Marginpar on page 17 moved.


LaTeX Warning: Marginpar on page 17 moved.


LaTeX Warning: Marginpar on page 17 moved.

[17]
Overfull \hbox (4.42764pt too wide) in paragraph at lines 466--481
[]  
 []


LaTeX Warning: Marginpar on page 18 moved.

[18]

LaTeX Warning: Marginpar on page 19 moved.


Overfull \hbox (13.76935pt too wide) detected at line 515
\OMS/zplm/m/n/10 j\OML/zplm/m/it/10 E\OT1/zplm/m/n/10 [\OML/zplm/m/it/10 f\OT1/zplm/m/n/10 (\OML/zplm/m/it/10 Y[]\OT1/zplm/m/n/10 )] \OMS/zplm/m/n/10 ^^@ \OML/zplm/m/it/10 E\OT1/zplm/m/n/10 [\OML/zplm/m/it/10 f\OT1/zplm/m/n/10 (\OML/zplm/m/it/10 X\OT1/zplm/m/n/10 ))]\OMS/zplm/m/n/10 j ^^T [] \OT1/zplm/m/n/10 + []
 []


Overfull \hbox (132.05261pt too wide) in paragraph at lines 524--524
[]  
 []

[19]

LaTeX Warning: Marginpar on page 20 moved.


LaTeX Warning: Marginpar on page 20 moved.


LaTeX Warning: Marginpar on page 20 moved.

[20]

LaTeX Warning: Marginpar on page 21 moved.


LaTeX Warning: Marginpar on page 21 moved.

[21]

LaTeX Warning: Marginpar on page 22 moved.


LaTeX Warning: File `slutsky.jpg' not found on input line 619.


./Empirical Analysis-2013.tex:619: Package pdftex.def Error: File `slutsky.jpg' not found.

See the pdftex.def package documentation for explanation.
Type  H <return>  for immediate help.
 ...                                              
                                                  
l.619 			\includegraphics{slutsky.jpg}
                                      
Using draft setting for this image.
Try typing  <return>  to proceed.
If that doesn't work, type  X <return>  to quit.


LaTeX Warning: File `clt.pdf' not found on input line 626.


./Empirical Analysis-2013.tex:626: Package pdftex.def Error: File `clt.pdf' not found.

See the pdftex.def package documentation for explanation.
Type  H <return>  for immediate help.
 ...                                              
                                                  
l.626 \begin{figure*} \includegraphics{clt.pdf}
                                                \caption{Central Limit Theor...
Using draft setting for this image.
Try typing  <return>  to proceed.
If that doesn't work, type  X <return>  to quit.


Underfull \hbox (badness 10000) in paragraph at lines 626--626

 []

[22]

LaTeX Warning: Marginpar on page 23 moved.


LaTeX Warning: Marginpar on page 23 moved.

[23] [24]

LaTeX Warning: File `fisher.jpg' not found on input line 668.


./Empirical Analysis-2013.tex:668: Package pdftex.def Error: File `fisher.jpg' not found.

See the pdftex.def package documentation for explanation.
Type  H <return>  for immediate help.
 ...                                              
                                                  
l.668 ...arginfigure} \includegraphics{fisher.jpg}
                                                   \caption{R.A. Fisher look...
Using draft setting for this image.
Try typing  <return>  to proceed.
If that doesn't work, type  X <return>  to quit.

LaTeX Font Info:    Font shape `T1/pplj/bx/n' in size <8> not available
(Font)              Font shape `T1/pplj/b/n' tried instead on input line 677.

LaTeX Warning: Marginpar on page 25 moved.

[25]
Overfull \hbox (21.5503pt too wide) in paragraph at lines 699--699
[]  
 []


LaTeX Warning: File `gosset.jpg' not found on input line 700.


./Empirical Analysis-2013.tex:700: Package pdftex.def Error: File `gosset.jpg' not found.

See the pdftex.def package documentation for explanation.
Type  H <return>  for immediate help.
 ...                                              
                                                  
l.700 ...igure}[-2in] \includegraphics{gosset.jpg}
                                                   \caption{William Sealy Go...
Using draft setting for this image.
Try typing  <return>  to proceed.
If that doesn't work, type  X <return>  to quit.


Overfull \hbox (2.33644pt too wide) in paragraph at lines 700--700
 []  
 []


LaTeX Warning: Marginpar on page 26 moved.

[26]
Overfull \hbox (141.28563pt too wide) in paragraph at lines 732--732
[]  
 []


Overfull \hbox (54.44261pt too wide) in paragraph at lines 751--751
[]  
 []


LaTeX Warning: Marginpar on page 27 moved.


Overfull \hbox (13.0298pt too wide) in paragraph at lines 753--755
\OT1/zplm/m/n/10 ^^F(\OML/zplm/m/it/10 P\OT1/zplm/m/n/10 )$\T1/pplj/m/n/10 . How? Well re-call our def-i-ni-tion of the sam-ple variance-covariance:  
 []

[27]

LaTeX Warning: Marginpar on page 28 moved.

[28]

LaTeX Warning: File `delta.jpg' not found on input line 789.


./Empirical Analysis-2013.tex:789: Package pdftex.def Error: File `delta.jpg' not found.

See the pdftex.def package documentation for explanation.
Type  H <return>  for immediate help.
 ...                                              
                                                  
l.789 	\includegraphics{delta.jpg}
                                  
Using draft setting for this image.
Try typing  <return>  to proceed.
If that doesn't work, type  X <return>  to quit.


LaTeX Warning: Marginpar on page 29 moved.


LaTeX Warning: Marginpar on page 29 moved.

[29]
Overfull \hbox (74.43263pt too wide) in paragraph at lines 824--824
[]  
 []


LaTeX Warning: Marginpar on page 30 moved.


LaTeX Warning: Marginpar on page 30 moved.


LaTeX Warning: Marginpar on page 30 moved.

[30]

LaTeX Warning: Marginpar on page 31 moved.


LaTeX Warning: Marginpar on page 31 moved.


LaTeX Warning: Marginpar on page 31 moved.

[31]

LaTeX Warning: Marginpar on page 32 moved.


Overfull \hbox (4.89249pt too wide) in paragraph at lines 909--909
[]  
 []


LaTeX Warning: Marginpar on page 32 moved.


Overfull \hbox (102.75555pt too wide) in paragraph at lines 918--918
[]  
 []

[32]

LaTeX Warning: Marginpar on page 33 moved.


LaTeX Warning: Marginpar on page 33 moved.

[33]

LaTeX Warning: Marginpar on page 34 moved.


Overfull \hbox (15.58829pt too wide) in paragraph at lines 943--943
[]  
 []


LaTeX Warning: Marginpar on page 34 moved.

[34]

LaTeX Warning: File `bernoulli.jpg' not found on input line 964.


./Empirical Analysis-2013.tex:964: Package pdftex.def Error: File `bernoulli.jpg' not found.

See the pdftex.def package documentation for explanation.
Type  H <return>  for immediate help.
 ...                                              
                                                  
l.964 	\includegraphics{bernoulli.jpg}
                                      
Using draft setting for this image.
Try typing  <return>  to proceed.
If that doesn't work, type  X <return>  to quit.


LaTeX Warning: Marginpar on page 35 moved.


Overfull \hbox (71.83154pt too wide) detected at line 974
\OML/zplm/m/it/10 P [] \OMS/zplm/m/n/10 ! \OML/zplm/m/it/10 P\OMS/zplm/m/n/10 f\OML/zplm/m/it/10 Z \OMS/zplm/m/n/10 ^^U \OML/zplm/m/it/10 x\OMS/zplm/m/n/10 g []
 []


Overfull \hbox (143.67267pt too wide) in paragraph at lines 979--979
[]  
 []


Overfull \hbox (79.19234pt too wide) detected at line 981
\OML/zplm/m/it/10 C[]\OT1/zplm/m/n/10 (\OML/zplm/m/it/10 X[]\OT1/pplx/m/n/10 , [] , \OML/zplm/m/it/10 X[]\OT1/zplm/m/n/10 ) = []
 []


LaTeX Warning: Marginpar on page 35 moved.

[35]

LaTeX Warning: File `mvn.pdf' not found on input line 997.


./Empirical Analysis-2013.tex:997: Package pdftex.def Error: File `mvn.pdf' not found.

See the pdftex.def package documentation for explanation.
Type  H <return>  for immediate help.
 ...                                              
                                                  
l.997 ...n{marginfigure} \includegraphics{mvn.pdf}
                                                   \caption{Several vantage ...
Using draft setting for this image.
Try typing  <return>  to proceed.
If that doesn't work, type  X <return>  to quit.


LaTeX Warning: Marginpar on page 36 moved.

[36]

LaTeX Warning: Marginpar on page 37 moved.


LaTeX Warning: Marginpar on page 37 moved.


LaTeX Warning: File `tighten.jpg' not found on input line 1038.


./Empirical Analysis-2013.tex:1038: Package pdftex.def Error: File `tighten.jpg' not found.

See the pdftex.def package documentation for explanation.
Type  H <return>  for immediate help.
 ...                                              
                                                  
l.1038 ...ginfigure} \includegraphics{tighten.jpg}
                                                   \caption{``We didn't say ...
Using draft setting for this image.
Try typing  <return>  to proceed.
If that doesn't work, type  X <return>  to quit.


LaTeX Warning: Marginpar on page 37 moved.

[37]

LaTeX Warning: File `prokhorov.jpg' not found on input line 1065.


./Empirical Analysis-2013.tex:1065: Package pdftex.def Error: File `prokhorov.jpg' not found.

See the pdftex.def package documentation for explanation.
Type  H <return>  for immediate help.
 ...                                              
                                                  
l.1065 	\includegraphics{prokhorov.jpg}
                                       
Using draft setting for this image.
Try typing  <return>  to proceed.
If that doesn't work, type  X <return>  to quit.

[38]

LaTeX Warning: Marginpar on page 39 moved.


LaTeX Warning: Marginpar on page 39 moved.

[39]
Overfull \hbox (15.06729pt too wide) in paragraph at lines 1139--1139
|\T1/pplj/m/it/10.95 (b) Com-pute $\OML/zplm/m/it/10.95 Var\OT1/zplm/m/n/10.95 ([])$\T1/pplj/m/it/10.95 . Is $[]$ a con-sis-tent es-ti-ma-tor of $\OML/zplm/m/it/10.95 ^^V$\T1/pplj/m/it/10.95 ? Jus-tify your an-
 []

[40]
Underfull \vbox (badness 10000) has occurred while \output is active []

 [41] [42]

LaTeX Warning: Marginpar on page 43 moved.


LaTeX Warning: Marginpar on page 43 moved.

[43

]
Overfull \hbox (163.84167pt too wide) in paragraph at lines 1215--1215
[]  
 []


LaTeX Warning: Marginpar on page 44 moved.


Overfull \hbox (16.9494pt too wide) detected at line 1219
\OML/zplm/m/it/10 E\OT1/zplm/m/n/10 [(\OML/zplm/m/it/10 Y \OMS/zplm/m/n/10 ^^@ \OML/zplm/m/it/10 m[]\OT1/zplm/m/n/10 (\OML/zplm/m/it/10 X\OT1/zplm/m/n/10 ))[]] \OMS/zplm/m/n/10 ^^T \OML/zplm/m/it/10 E\OT1/zplm/m/n/10 [(\OML/zplm/m/it/10 Y \OMS/zplm/m/n/10 ^^@ []\OT1/zplm/m/n/10 (\OML/zplm/m/it/10 X\OT1/zplm/m/n/10 ))[]] = \OML/zplm/m/it/10 E\OT1/zplm/m/n/10 [(\OML/zplm/m/it/10 Y \OMS/zplm/m/n/10 ^^@ \OML/zplm/m/it/10 m[]\OT1/zplm/m/n/10 (\OML/zplm/m/it/10 X\OT1/zplm/m/n/10 ) \OMS/zplm/m/n/10 ^^@ \OML/zplm/m/it/10 m\OT1/zplm/m/n/10 (\OML/zplm/m/it/10 X\OT1/zplm/m/n/10 ))[]] []\OML/zplm/m/it/10 
 []


LaTeX Warning: Marginpar on page 44 moved.


LaTeX Warning: Marginpar on page 44 moved.

[44]
Overfull \hbox (120.99129pt too wide) in paragraph at lines 1254--1254
[]  
 []


Overfull \hbox (9.30309pt too wide) detected at line 1260
\OML/zplm/m/it/10 E\OT1/zplm/m/n/10 [(\OML/zplm/m/it/10 f\OT1/zplm/m/n/10 (\OML/zplm/m/it/10 X\OT1/zplm/m/n/10 )\OML/zplm/m/it/10 Y \OMS/zplm/m/n/10 ^^@ \OML/zplm/m/it/10 f\OT1/zplm/m/n/10 (\OML/zplm/m/it/10 X\OT1/zplm/m/n/10 )\OML/zplm/m/it/10 E\OT1/zplm/m/n/10 [\OML/zplm/m/it/10 Y\OMS/zplm/m/n/10 j\OML/zplm/m/it/10 X\OT1/zplm/m/n/10 ])\OML/zplm/m/it/10 I\OMS/zplm/m/n/10 f\OML/zplm/m/it/10 X \OMS/zplm/m/n/10 2 Bg\OT1/zplm/m/n/10 ] = \OML/zplm/m/it/10 E\OT1/zplm/m/n/10 [(\OML/zplm/m/it/10 Y \OMS/zplm/m/n/10 ^^@ \OML/zplm/m/it/10 E\OT1/zplm/m/n/10 [\OML/zplm/m/it/10 Y\OMS/zplm/m/n/10 j\OML/zplm/m/it/10 X\OT1/zplm/m/n/10 ])\OML/zplm/m/it/10 I\OMS/zplm/m/n/10 f\OML/zplm/m/it/10 X \OMS/zplm/m/n/10 2 [] \ Bg\OT1/zplm/m/n/10 ] = \OT1/pplx/m/n/10 0
 []


LaTeX Warning: Marginpar on page 45 moved.

[45]

LaTeX Warning: Marginpar on page 46 moved.

[46]

LaTeX Warning: Marginpar on page 47 moved.


LaTeX Warning: Marginpar on page 47 moved.


LaTeX Warning: Marginpar on page 47 moved.


LaTeX Warning: Marginpar on page 47 moved.


Overfull \hbox (28.83896pt too wide) in paragraph at lines 1311--1311
[]  
 []

[47

]

LaTeX Warning: Marginpar on page 48 moved.


LaTeX Warning: Marginpar on page 48 moved.

[48]

LaTeX Warning: Marginpar on page 49 moved.


LaTeX Warning: Marginpar on page 49 moved.


LaTeX Warning: Marginpar on page 49 moved.

[49]

LaTeX Warning: Marginpar on page 50 moved.


LaTeX Warning: Marginpar on page 50 moved.


LaTeX Warning: Marginpar on page 50 moved.


Overfull \hbox (127.12097pt too wide) in paragraph at lines 1390--1390
[]  
 []


LaTeX Warning: Marginpar on page 50 moved.

[50]

LaTeX Warning: Marginpar on page 51 moved.


LaTeX Warning: Marginpar on page 51 moved.


LaTeX Warning: Marginpar on page 51 moved.


Overfull \hbox (75.59946pt too wide) detected at line 1394
\OML/zplm/m/it/10 ^^L[] \OT1/zplm/m/n/10 = \OML/zplm/m/it/10 E\OT1/zplm/m/n/10 [(\OML/zplm/m/it/10 X[] \OMS/zplm/m/n/10 ^^@ \OML/zplm/m/it/10 E\OT1/zplm/m/n/10 [\OML/zplm/m/it/10 X[]\OT1/zplm/m/n/10 ])(\OML/zplm/m/it/10 X[] \OMS/zplm/m/n/10 ^^@ \OML/zplm/m/it/10 E\OT1/zplm/m/n/10 [\OML/zplm/m/it/10 X[]\OT1/zplm/m/n/10 ])[]][]\OML/zplm/m/it/10 E\OT1/zplm/m/n/10 [(\OML/zplm/m/it/10 X[] \OMS/zplm/m/n/10 ^^@ \OML/zplm/m/it/10 E\OT1/zplm/m/n/10 [\OML/zplm/m/it/10 X[]\OT1/zplm/m/n/10 ])(\OML/zplm/m/it/10 Y \OMS/zplm/m/n/10 ^^@ \OML/zplm/m/it/10 E\OT1/zplm/m/n/10 [\OML/zplm/m/it/10 Y\OT1/zplm/m/n/10 ])] = \OML/zplm/m/it/10 Var\OT1/zplm/m/n/10 (\OML/zplm/m/it/10 X[]\OT1/zplm/m/n/10 )[]\OML/zplm/m/it/10 Cov\OT1/zplm/m/n/10 (\OML/zplm/m/it/10 X[]\OT1/pplx/m/n/10 , \OML/zplm/m/it/10 Y\OT1/zplm/m/n/10 )
 []


LaTeX Warning: File `ovbias.png' not found on input line 1408.


./Empirical Analysis-2013.tex:1408: Package pdftex.def Error: File `ovbias.png' not found.

See the pdftex.def package documentation for explanation.
Type  H <return>  for immediate help.
 ...                                              
                                                  
l.1408 ...rginfigure} \includegraphics{ovbias.png}
                                                   \caption{Figure 1 from Le...
Using draft setting for this image.
Try typing  <return>  to proceed.
If that doesn't work, type  X <return>  to quit.

[51]

LaTeX Warning: Marginpar on page 52 moved.


LaTeX Warning: File `signal_noise.jpg' not found on input line 1432.


./Empirical Analysis-2013.tex:1432: Package pdftex.def Error: File `signal_noise.jpg' not found.

See the pdftex.def package documentation for explanation.
Type  H <return>  for immediate help.
 ...                                              
                                                  
l.1432 ...gure} \includegraphics{signal_noise.jpg}
                                                   \caption{Nate Silver poss...
Using draft setting for this image.
Try typing  <return>  to proceed.
If that doesn't work, type  X <return>  to quit.

[52]
Overfull \hbox (15.8164pt too wide) detected at line 1461
\OML/zplm/m/it/8 Var\OT1/zplm/m/n/8 ([]\OML/zplm/m/it/8 X[]\OT1/zplm/m/n/8 ) = \OML/zplm/m/it/8 Var\OT1/zplm/m/n/8 ([] + \OML/zplm/m/it/8 V\OT1/zplm/m/n/8 ) = \OML/zplm/m/it/8 Var\OT1/zplm/m/n/8 ([]) + \OML/zplm/m/it/8 Var\OT1/zplm/m/n/8 (\OML/zplm/m/it/8 V\OT1/zplm/m/n/8 )
 []


Overfull \hbox (10.79787pt too wide) in paragraph at lines 1461--1461
[]  
 []


LaTeX Warning: Marginpar on page 53 moved.


LaTeX Warning: Marginpar on page 53 moved.


LaTeX Warning: Marginpar on page 53 moved.


Package hyperref Warning: Token not allowed in a PDF string (Unicode):
(hyperref)                removing `math shift' on input line 1465.


Package hyperref Warning: Token not allowed in a PDF string (Unicode):
(hyperref)                removing `\beta' on input line 1465.


LaTeX Warning: Marginpar on page 53 moved.


LaTeX Warning: File `frisch.jpg' not found on input line 1491.


./Empirical Analysis-2013.tex:1491: Package pdftex.def Error: File `frisch.jpg' not found.

See the pdftex.def package documentation for explanation.
Type  H <return>  for immediate help.
 ...                                              
                                                  
l.1491 ...rginfigure} \includegraphics{frisch.jpg}
                                                   \caption{Ragnar Frisch of...
Using draft setting for this image.
Try typing  <return>  to proceed.
If that doesn't work, type  X <return>  to quit.

[53]

LaTeX Warning: Marginpar on page 54 moved.


LaTeX Warning: Marginpar on page 54 moved.


LaTeX Warning: Marginpar on page 54 moved.


LaTeX Warning: Marginpar on page 54 moved.

[54]

LaTeX Warning: Marginpar on page 55 moved.

[55]

LaTeX Warning: Marginpar on page 56 moved.

[56]

LaTeX Warning: File `gauss.jpg' not found on input line 1568.


./Empirical Analysis-2013.tex:1568: Package pdftex.def Error: File `gauss.jpg' not found.

See the pdftex.def package documentation for explanation.
Type  H <return>  for immediate help.
 ...                                              
                                                  
l.1568 ...arginfigure} \includegraphics{gauss.jpg}
                                                   \caption{I held back as l...
Using draft setting for this image.
Try typing  <return>  to proceed.
If that doesn't work, type  X <return>  to quit.


LaTeX Warning: Marginpar on page 57 moved.


LaTeX Warning: Marginpar on page 57 moved.


LaTeX Warning: Marginpar on page 57 moved.


LaTeX Warning: Marginpar on page 57 moved.


LaTeX Warning: Marginpar on page 57 moved.

[57]

LaTeX Warning: Marginpar on page 58 moved.

[58]

LaTeX Warning: Marginpar on page 59 moved.

[59]
Overfull \hbox (62.4735pt too wide) detected at line 1656
\OMS/zplm/m/n/10 j[] [] \OML/zplm/m/it/10 X[]X[]\OT1/zplm/m/n/10 ([] \OMS/zplm/m/n/10 ^^@ \OML/zplm/m/it/10 U[]\OT1/zplm/m/n/10 )\OMS/zplm/m/n/10 j ^^T [] [] j\OML/zplm/m/it/10 X[]X[]\OMS/zplm/m/n/10 j j[] ^^@ \OML/zplm/m/it/10 U[]\OMS/zplm/m/n/10 j ^^T [] []
 []

[60]
Overfull \hbox (6.07475pt too wide) in paragraph at lines 1660--1661
[]\T1/pplj/b/n/10 Lem.\T1/pplj/m/n/10 : []\T1/pplj/m/it/10 Let $\OML/zplm/m/it/10 Z[]\OT1/pplx/m/n/10 , [] , \OML/zplm/m/it/10 Z[]$ \T1/pplj/m/it/10 be an i.i.d. se-quence of ran-dom vari-ables s.t. $\OML/zplm/m/it/10 E\OT1/zplm/m/n/10 [\OMS/zplm/m/n/10 j\OML/zplm/m/it/10 Z[]\OMS/zplm/m/n/10 j[]\OT1/zplm/m/n/10 ] \OML/zplm/m/it/10 < 
 []


LaTeX Warning: Marginpar on page 61 moved.


Overfull \hbox (74.49481pt too wide) in paragraph at lines 1674--1674
[]  
 []


Overfull \hbox (53.47363pt too wide) detected at line 1678
[] \OMS/zplm/m/n/10 j[] ^^@ \OML/zplm/m/it/10 U[]\OMS/zplm/m/n/10 j ^^T \OT1/pplx/m/n/10 2 [] [] \OT1/zplm/m/n/10 + [] []
 []


Overfull \hbox (26.92444pt too wide) detected at line 1680
[] \OT1/zplm/m/n/8 = \OML/zplm/m/it/8 U[] \OMS/zplm/m/n/8 ^^@ \OT1/pplx/m/n/8 2\OML/zplm/m/it/8 U[]X[]\OT1/zplm/m/n/8 ([] \OMS/zplm/m/n/8 ^^@ \OML/zplm/m/it/8 ^^L\OT1/zplm/m/n/8 ) + (\OML/zplm/m/it/8 X[]\OT1/zplm/m/n/8 ([] \OMS/zplm/m/n/8 ^^@ \OML/zplm/m/it/8 ^^L\OT1/zplm/m/n/8 ))[][]
 []


LaTeX Warning: Marginpar on page 61 moved.

[61]
Overfull \hbox (137.5295pt too wide) detected at line 1701
\OML/zplm/m/it/10 P\OMS/zplm/m/n/10 fj\OML/zplm/m/it/10 T[]\OMS/zplm/m/n/10 j \OML/zplm/m/it/10 > z[]\OMS/zplm/m/n/10 g \OT1/zplm/m/n/10 = \OT1/pplx/m/n/10 1 \OMS/zplm/m/n/10 ^^@ \OML/zplm/m/it/10 P\OMS/zplm/m/n/10 f^^@\OML/zplm/m/it/10 z[] \OMS/zplm/m/n/10 ^^T \OML/zplm/m/it/10 T[] \OMS/zplm/m/n/10 ^^T \OML/zplm/m/it/10 z[]\OMS/zplm/m/n/10 g \OT1/zplm/m/n/10 = \OT1/pplx/m/n/10 1 \OMS/zplm/m/n/10 ^^@ \OML/zplm/m/it/10 P\OMS/zplm/m/n/10 f^^@\OML/zplm/m/it/10 z[] \OMS/zplm/m/n/10 ^^T \OML/zplm/m/it/10 T[] \OMS/zplm/m/n/10 ^^T \OML/zplm/m/it/10 z[]\OMS/zplm/m/n/10 g ! \OT1/pplx/m/n/10 1 \OMS/zplm/m/n/10 ^^@ \OT1/zplm/m/n/10 (\OT1/pplx/m/n/10 1 \OMS/zplm/m/n/10 ^^@ \OML/zplm/m/it/10 \OT1/zplm/m/n/10 ) = \OML/zplm/m/it/10 
 []


LaTeX Warning: Marginpar on page 62 moved.

[62] [63] [64

]

LaTeX Warning: Marginpar on page 65 moved.

[65]

LaTeX Warning: Marginpar on page 66 moved.


Package hyperref Warning: Token not allowed in a PDF string (Unicode):
(hyperref)                removing `math shift' on input line 1774.


Package hyperref Warning: Token not allowed in a PDF string (Unicode):
(hyperref)                removing `\beta' on input line 1774.

[66]

LaTeX Warning: Marginpar on page 67 moved.


LaTeX Warning: Marginpar on page 67 moved.


LaTeX Warning: Marginpar on page 67 moved.


LaTeX Warning: Marginpar on page 67 moved.


Overfull \hbox (147.29619pt too wide) detected at line 1794
\OML/zplm/m/it/10 rank\OT1/zplm/m/n/10 (\OML/zplm/m/it/10 E\OT1/zplm/m/n/10 [\OML/zplm/m/it/10 ZX[]\OT1/zplm/m/n/10 ]) = \OML/zplm/m/it/10 rank\OT1/zplm/m/n/10 (\OML/zplm/m/it/10 E\OT1/zplm/m/n/10 [\OML/zplm/m/it/10 ZZ[]\OT1/zplm/m/n/10 ]\OML/zplm/m/it/10 ^^Y\OT1/zplm/m/n/10 ) \OMS/zplm/m/n/10 ^^T \OML/zplm/m/it/10 rank\OT1/zplm/m/n/10 (\OML/zplm/m/it/10 ^^Y\OT1/zplm/m/n/10 ) = \OML/zplm/m/it/10 rank\OT1/zplm/m/n/10 (\OML/zplm/m/it/10 E\OT1/zplm/m/n/10 [\OML/zplm/m/it/10 ZZ[]\OT1/zplm/m/n/10 ][]\OML/zplm/m/it/10 E\OT1/zplm/m/n/10 [\OML/zplm/m/it/10 ZZ[]\OT1/zplm/m/n/10 ]\OML/zplm/m/it/10 ^^Y\OT1/zplm/m/n/10 ) \OMS/zplm/m/n/10 ^^T \OML/zplm/m/it/10 rank\OT1/zplm/m/n/10 (\OML/zplm/m/it/10 E\OT1/zplm/m/n/10 [\OML/zplm/m/it/10 ZZ[]\OT1/zplm/m/n/10 ]\OML/zplm/m/it/10 ^^Y\OT1/zplm/m/n/10 ) = \OML/zplm/m/it/10 rank\OT1/zplm/m/n/10 (\OML/zplm/m/it/10 E\OT1/zplm/m/n/10 [\OML/zplm/m/it/10 ZX[]\OT1/zplm/m/n/10 ])
 []


LaTeX Warning: Marginpar on page 67 moved.


LaTeX Warning: Marginpar on page 67 moved.

[67]

LaTeX Warning: Marginpar on page 68 moved.

[68]

LaTeX Warning: Marginpar on page 69 moved.


Package hyperref Warning: Token not allowed in a PDF string (Unicode):
(hyperref)                removing `math shift' on input line 1856.


Package hyperref Warning: Token not allowed in a PDF string (Unicode):
(hyperref)                removing `\beta' on input line 1856.

[69]

Package hyperref Warning: Token not allowed in a PDF string (Unicode):
(hyperref)                removing `math shift' on input line 1875.


Package hyperref Warning: Token not allowed in a PDF string (Unicode):
(hyperref)                removing `\beta' on input line 1875.


Overfull \hbox (69.97032pt too wide) in paragraph at lines 1876--1877
\T1/pplj/m/sc/10/50ls With \T1/pplj/m/n/10 the same setup as above, with sam-ple ob-ser-va-tions $\OT1/zplm/m/n/10 (\OML/zplm/m/it/10 Y[]\OT1/pplx/m/n/10 , \OML/zplm/m/it/10 X[]\OT1/pplx/m/n/10 , \OML/zplm/m/it/10 Z[]\OT1/zplm/m/n/10 )\OT1/pplx/m/n/10 , [] , \OT1/zplm/m/n/10 (\OML/zplm/m/it/10 Y[]\OT1/pplx/m/n/10 , \OML/zplm/m/it/10 X[]\OT1/pplx/m/n/10 , \OML/zplm/m/it/10 Z[]\OT1/zplm/m/n/10 )$ 
 []


LaTeX Warning: Marginpar on page 70 moved.

[70]
Overfull \hbox (6.78114pt too wide) detected at line 1892
[] [] []\OML/zplm/m/it/8 Z[]\OT1/zplm/m/n/8 (\OML/zplm/m/it/8 Y[] \OMS/zplm/m/n/8 ^^@ \OML/zplm/m/it/8 X[][]\OT1/zplm/m/n/8 ) = [] [] []\OML/zplm/m/it/8 Z[][] \OT1/zplm/m/n/8 = \OT1/pplx/m/n/8 0[]
 []


LaTeX Warning: Marginpar on page 71 moved.

[71]

LaTeX Warning: Marginpar on page 72 moved.


LaTeX Warning: Marginpar on page 72 moved.

[72]

LaTeX Warning: Marginpar on page 73 moved.


LaTeX Warning: Marginpar on page 73 moved.


LaTeX Warning: Marginpar on page 73 moved.


LaTeX Warning: Marginpar on page 73 moved.


LaTeX Warning: Marginpar on page 73 moved.

[73]

LaTeX Warning: Marginpar on page 74 moved.


LaTeX Warning: Marginpar on page 74 moved.


LaTeX Warning: Marginpar on page 74 moved.


LaTeX Warning: Marginpar on page 74 moved.

[74]

LaTeX Warning: Marginpar on page 75 moved.

[75]
Overfull \hbox (48.7954pt too wide) detected at line 2017
\OT1/zplm/m/n/10 
[] \OMS/zplm/m/n/10 ^^U []  ([])  \OML/zplm/m/it/10 E\OT1/zplm/m/n/10 [\OML/zplm/m/it/10 W[]W[]\OT1/zplm/m/n/10 ] \OMS/zplm/m/n/10 ^^@ \OML/zplm/m/it/10 E\OT1/zplm/m/n/10 [\OML/zplm/m/it/10 WW[]\OT1/zplm/m/n/10 ][]\OML/zplm/m/it/10 E\OT1/zplm/m/n/10 [\OML/zplm/m/it/10 WW[]\OT1/zplm/m/n/10 ][]\OML/zplm/m/it/10 E\OT1/zplm/m/n/10 [\OML/zplm/m/it/10 WW[]\OT1/zplm/m/n/10 ] \OMS/zplm/m/n/10 ^^U \OT1/pplx/m/n/10 0  \OMS/zplm/m/n/10 ([])  \OML/zplm/m/it/10 E\OT1/zplm/m/n/10 [\OML/zplm/m/it/10 W[]\OT1/zplm/m/n/10 ] \OMS/zplm/m/n/10 ^^U \OT1/pplx/m/n/10 0
 []


LaTeX Warning: Marginpar on page 76 moved.


LaTeX Warning: Marginpar on page 76 moved.


LaTeX Warning: Marginpar on page 76 moved.


LaTeX Warning: Marginpar on page 76 moved.


LaTeX Warning: Marginpar on page 76 moved.


LaTeX Warning: Marginpar on page 76 moved.


LaTeX Warning: Marginpar on page 76 moved.


LaTeX Warning: Marginpar on page 76 moved.


LaTeX Warning: Marginpar on page 76 moved.

[76]

LaTeX Warning: Marginpar on page 77 moved.


Overfull \hbox (58.29092pt too wide) in paragraph at lines 2059--2059
[]  
 []


LaTeX Warning: Marginpar on page 77 moved.

[77]

LaTeX Warning: Marginpar on page 78 moved.


LaTeX Warning: Marginpar on page 78 moved.


LaTeX Warning: Marginpar on page 78 moved.

[78]

LaTeX Warning: Marginpar on page 79 moved.


LaTeX Warning: Marginpar on page 79 moved.

[79

]

LaTeX Warning: Marginpar on page 80 moved.


LaTeX Warning: Marginpar on page 80 moved.

[80]

LaTeX Warning: Marginpar on page 81 moved.

[81]

LaTeX Warning: Marginpar on page 82 moved.


LaTeX Warning: Marginpar on page 82 moved.


LaTeX Warning: Marginpar on page 82 moved.

[82]

LaTeX Warning: Marginpar on page 83 moved.


LaTeX Warning: Marginpar on page 83 moved.


LaTeX Warning: Marginpar on page 83 moved.

[83]

LaTeX Warning: Marginpar on page 84 moved.


Overfull \hbox (123.69203pt too wide) detected at line 2215
\OML/zplm/m/it/10 P\OMS/zplm/m/n/10 f\OML/zplm/m/it/10 q[]\OT1/zplm/m/n/10 (\OML/zplm/m/it/10 Y[]\OMS/zplm/m/n/10 j\OML/zplm/m/it/10 X[]\OT1/zplm/m/n/10 ) \OMS/zplm/m/n/10 6\OT1/zplm/m/n/10 = \OML/zplm/m/it/10 q[]\OT1/zplm/m/n/10 (\OML/zplm/m/it/10 Y[]\OMS/zplm/m/n/10 j\OML/zplm/m/it/10 X[]\OT1/zplm/m/n/10 )\OMS/zplm/m/n/10 g \OT1/zplm/m/n/10 = \OML/zplm/m/it/10 P\OMS/zplm/m/n/10 f\OT1/zplm/m/n/10 ^^H(\OML/zplm/m/it/10 X[]^^R\OT1/zplm/m/n/10 ) \OMS/zplm/m/n/10 6\OT1/zplm/m/n/10 = ^^H(\OML/zplm/m/it/10 X[]^^R[]\OT1/zplm/m/n/10 )\OMS/zplm/m/n/10 g \OT1/zplm/m/n/10 = \OML/zplm/m/it/10 P\OMS/zplm/m/n/10 f\OML/zplm/m/it/10 X[]^^R \OMS/zplm/m/n/10 6\OT1/zplm/m/n/10 = \OML/zplm/m/it/10 X[]^^R[]\OMS/zplm/m/n/10 g \OT1/zplm/m/n/10 = \OML/zplm/m/it/10 P\OMS/zplm/m/n/10 f\OML/zplm/m/it/10 X[]\OT1/zplm/m/n/10 (\OML/zplm/m/it/10 ^^R \OMS/zplm/m/n/10 ^^@ \OML/zplm/m/it/10 ^^R[]\OT1/zplm/m/n/10 ) \OMS/zplm/m/n/10 6\OT1/zplm/m/n/10 = \OT1/pplx/m/n/10 0\OMS/zplm/m/n/10 g \OML/zplm/m/it/10 > \OT1/pplx/m
/n/10 0
 []


Overfull \hbox (2.26854pt too wide) in paragraph at lines 2217--2218
[]\T1/pplj/m/it/10 Uniform con-ver-gence\T1/pplj/m/n/10 : We al-ready have that $\OT1/zplm/m/n/10 ^^B$ \T1/pplj/m/n/10 is com-pact, $[] \OML/zplm/m/it/10 q[]\OT1/zplm/m/n/10 (\OML/zplm/m/it/10 y\OMS/zplm/m/n/10 j\OML/zplm/m/it/10 x\OT1/zplm/m/n/10 )$ 
 []


Overfull \hbox (39.3944pt too wide) detected at line 2218
[] \OMS/zplm/m/n/10 j [] \OML/zplm/m/it/10 q[]\OT1/zplm/m/n/10 (\OML/zplm/m/it/10 y\OMS/zplm/m/n/10 j\OML/zplm/m/it/10 x\OT1/zplm/m/n/10 )\OMS/zplm/m/n/10 j \OT1/zplm/m/n/10 = [] [] \OMS/zplm/m/n/10 ^^T \OML/zplm/m/it/10 M < \OMS/zplm/m/n/10 1
 []

[84]

LaTeX Warning: Marginpar on page 85 moved.


LaTeX Warning: Marginpar on page 85 moved.


LaTeX Warning: Marginpar on page 85 moved.

[85]

LaTeX Warning: Marginpar on page 86 moved.

[86]
Overfull \hbox (87.92763pt too wide) in paragraph at lines 2292--2292
[]  
 []


Overfull \hbox (83.48401pt too wide) detected at line 2296
[] [] \OML/zplm/m/it/10 D[] [] q[]\OT1/zplm/m/n/10 (\OML/zplm/m/it/10 y\OMS/zplm/m/n/10 j\OML/zplm/m/it/10 x\OT1/zplm/m/n/10 )\OML/zplm/m/it/10 q[]\OT1/zplm/m/n/10 (\OML/zplm/m/it/10 y\OMS/zplm/m/n/10 j\OML/zplm/m/it/10 x\OT1/zplm/m/n/10 )\OML/zplm/m/it/10 d^^V\OT1/zplm/m/n/10 (\OML/zplm/m/it/10 y\OT1/zplm/m/n/10 )\OML/zplm/m/it/10 dP[]\OT1/zplm/m/n/10 (\OML/zplm/m/it/10 x\OT1/zplm/m/n/10 ) + [] [] \OML/zplm/m/it/10 D[] [] q[]\OT1/zplm/m/n/10 (\OML/zplm/m/it/10 y\OMS/zplm/m/n/10 j\OML/zplm/m/it/10 x\OT1/zplm/m/n/10 )\OML/zplm/m/it/10 D[]q[]\OT1/zplm/m/n/10 (\OML/zplm/m/it/10 y\OMS/zplm/m/n/10 j\OML/zplm/m/it/10 x\OT1/zplm/m/n/10 )\OML/zplm/m/it/10 d^^V\OT1/zplm/m/n/10 (\OML/zplm/m/it/10 y\OT1/zplm/m/n/10 )\OML/zplm/m/it/10 dP[]\OT1/zplm/m/n/10 (\OML/zplm/m/it/10 x\OT1/zplm/m/n/10 ) = \OT1/pplx/m/n/10 0
 []

[87]

LaTeX Warning: Marginpar on page 88 moved.


LaTeX Warning: Marginpar on page 88 moved.


LaTeX Warning: Marginpar on page 88 moved.

[88]

LaTeX Warning: Marginpar on page 89 moved.


LaTeX Warning: Marginpar on page 89 moved.


LaTeX Warning: Marginpar on page 89 moved.


LaTeX Warning: Marginpar on page 89 moved.


LaTeX Warning: Marginpar on page 89 moved.


LaTeX Warning: Marginpar on page 89 moved.

[89]

LaTeX Warning: Marginpar on page 90 moved.


LaTeX Warning: Marginpar on page 90 moved.


LaTeX Warning: Marginpar on page 90 moved.

[90] [91

] [92]

LaTeX Warning: Marginpar on page 93 moved.


LaTeX Warning: Marginpar on page 93 moved.

[93

]

LaTeX Warning: Marginpar on page 94 moved.


LaTeX Warning: File `measure_space.png' not found on input line 2411.


./Empirical Analysis-2013.tex:2411: Package pdftex.def Error: File `measure_space.png' not found.

See the pdftex.def package documentation for explanation.
Type  H <return>  for immediate help.
 ...                                              
                                                  
l.2411 		\includegraphics{measure_space.png}
                                            
Using draft setting for this image.
Try typing  <return>  to proceed.
If that doesn't work, type  X <return>  to quit.


LaTeX Warning: Marginpar on page 94 moved.


Overfull \hbox (148.1281pt too wide) in paragraph at lines 2425--2425
[]  
 []

[94]

LaTeX Warning: Marginpar on page 95 moved.


LaTeX Warning: File `lebesgue.jpg' not found on input line 2457.


./Empirical Analysis-2013.tex:2457: Package pdftex.def Error: File `lebesgue.jpg' not found.

See the pdftex.def package documentation for explanation.
Type  H <return>  for immediate help.
 ...                                              
                                                  
l.2457 	\includegraphics{lebesgue.jpg}
                                      
Using draft setting for this image.
Try typing  <return>  to proceed.
If that doesn't work, type  X <return>  to quit.

[95]

LaTeX Warning: Marginpar on page 96 moved.


LaTeX Warning: Marginpar on page 96 moved.


LaTeX Warning: Marginpar on page 96 moved.


LaTeX Warning: Marginpar on page 96 moved.


LaTeX Warning: Marginpar on page 96 moved.


LaTeX Warning: Marginpar on page 96 moved.


LaTeX Warning: Marginpar on page 96 moved.


LaTeX Warning: Marginpar on page 96 moved.

[96]

LaTeX Warning: Marginpar on page 97 moved.


LaTeX Warning: Marginpar on page 97 moved.


Overfull \hbox (171.2667pt too wide) in paragraph at lines 2513--2514
[]\T1/pplj/b/n/10 E.g. \T1/pplj/m/n/10 (Lebesgue mea-sure re-vis-ited): []For $\OT1/zplm/m/n/10 (
\OT1/pplx/m/n/10 , \OMS/zplm/m/n/10 F\OT1/pplx/m/n/10 , \OML/zplm/m/it/10 ^^V\OT1/zplm/m/n/10 ) = ([]\U/fplmbb/m/n/10 R[]\OT1/pplx/m/n/10 , \OMS/zplm/m/n/10 B\OT1/zplm/m/n/10 (
)\OT1/pplx/m/n/10 , []\OT1/zplm/m/n/10 )$ 
 []

[97] [98

]

LaTeX Warning: Marginpar on page 99 moved.


LaTeX Warning: Marginpar on page 99 moved.


LaTeX Warning: Marginpar on page 99 moved.

[99]

LaTeX Warning: File `logit_probit.png' not found on input line 2539.


./Empirical Analysis-2013.tex:2539: Package pdftex.def Error: File `logit_probit.png' not found.

See the pdftex.def package documentation for explanation.
Type  H <return>  for immediate help.
 ...                                              
                                                  
l.2539 ...gure} \includegraphics{logit_probit.png}
                                                   \caption{The CDF of a log...
Using draft setting for this image.
Try typing  <return>  to proceed.
If that doesn't work, type  X <return>  to quit.


LaTeX Warning: Marginpar on page 100 moved.


LaTeX Warning: Marginpar on page 100 moved.

[100] [101]

LaTeX Warning: Marginpar on page 102 moved.

[102] [103] [104

]

LaTeX Warning: Marginpar on page 105 moved.


LaTeX Warning: Marginpar on page 105 moved.


LaTeX Warning: Marginpar on page 105 moved.

[105]

LaTeX Warning: Marginpar on page 106 moved.


Overfull \hbox (43.14323pt too wide) detected at line 2659
\OML/zplm/m/it/8 E [] \OT1/zplm/m/n/8 = [] [] \OML/zplm/m/it/8 E\OT1/zplm/m/n/8 [\OML/zplm/m/it/8 s[]\OT1/zplm/m/n/8 (\OML/zplm/m/it/8 Y[]\OT1/pplx/m/n/8 ; \OML/zplm/m/it/8 ^^R\OT1/zplm/m/n/8 )] = []\OML/zplm/m/it/8 E\OT1/zplm/m/n/8 [\OML/zplm/m/it/8 s[]\OT1/zplm/m/n/8 (\OML/zplm/m/it/8 Y[]\OT1/pplx/m/n/8 ; \OML/zplm/m/it/8 ^^R\OT1/zplm/m/n/8 )[]]
 []


Overfull \hbox (26.1563pt too wide) detected at line 2659
\OML/zplm/m/it/8 E [] \OT1/zplm/m/n/8 = [] [] [] \OML/zplm/m/it/8 E\OT1/zplm/m/n/8 [\OML/zplm/m/it/8 s[]\OT1/zplm/m/n/8 (\OML/zplm/m/it/8 Y[]\OT1/pplx/m/n/8 ; \OML/zplm/m/it/8 ^^R\OT1/zplm/m/n/8 )\OML/zplm/m/it/8 s[]\OT1/zplm/m/n/8 (\OML/zplm/m/it/8 Y[]\OT1/pplx/m/n/8 ; \OML/zplm/m/it/8 ^^R\OT1/zplm/m/n/8 )[]][]
 []


LaTeX Warning: Marginpar on page 106 moved.


LaTeX Warning: Marginpar on page 106 moved.


LaTeX Warning: Marginpar on page 106 moved.

[106]

LaTeX Warning: Marginpar on page 107 moved.

[107]

LaTeX Warning: Marginpar on page 108 moved.


LaTeX Warning: Marginpar on page 108 moved.


LaTeX Warning: Marginpar on page 108 moved.


LaTeX Warning: Marginpar on page 108 moved.

[108] [109] [110

]

LaTeX Warning: Marginpar on page 111 moved.

[111] [112]

LaTeX Warning: Marginpar on page 113 moved.


LaTeX Warning: Marginpar on page 113 moved.


Overfull \hbox (52.32423pt too wide) detected at line 2790
\OML/zplm/m/it/10 r\OT1/zplm/m/n/10 (\OML/zplm/m/it/10 ^^R\OT1/pplx/m/n/10 , \OML/zplm/m/it/10 ^^N\OT1/zplm/m/n/10 ) := \OML/zplm/m/it/10 E[]\OT1/zplm/m/n/10 [\OMS/zplm/m/n/10 R\OT1/zplm/m/n/10 (\OML/zplm/m/it/10 ^^R\OT1/pplx/m/n/10 , \OML/zplm/m/it/10 ^^N\OT1/zplm/m/n/10 )] = [][] [][] \OMS/zplm/m/n/10 L\OT1/zplm/m/n/10 (\OML/zplm/m/it/10 ^^R\OT1/pplx/m/n/10 , \OML/zplm/m/it/10 ^^N\OT1/zplm/m/n/10 (\OML/zplm/m/it/10 X\OT1/zplm/m/n/10 ))\OML/zplm/m/it/10 f\OT1/zplm/m/n/10 (\OML/zplm/m/it/10 X\OMS/zplm/m/n/10 j\OML/zplm/m/it/10 ^^R\OT1/zplm/m/n/10 )\OML/zplm/m/it/10 ^^Y\OT1/zplm/m/n/10 (\OML/zplm/m/it/10 ^^R\OT1/zplm/m/n/10 )\OML/zplm/m/it/10 dXd^^R \OT1/zplm/m/n/10 = [][] \OML/zplm/m/it/10 ^^Z\OT1/zplm/m/n/10 (\OML/zplm/m/it/10 ^^R\OT1/pplx/m/n/10 , \OML/zplm/m/it/10 ^^N\OT1/zplm/m/n/10 (\OML/zplm/m/it/10 X\OT1/zplm/m/n/10 ))\OML/zplm/m/it/10 m\OT1/zplm/m/n/10 (\OML/zplm/m/it/10 X\OT1/zplm/m/n/10 )\OML/zplm/m/it/10 dX
 []

[113]

Package bibentry Warning: You have used \nobibliography* 
(bibentry)                without a following \bibliography.
(bibentry)                You may not be able to run BibTeX.

[114]
Package atveryend Info: Empty hook `BeforeClearDocument' on input line 2864.
Package atveryend Info: Empty hook `AfterLastShipout' on input line 2864.
 (./Empirical Analysis-2013.aux)
Package atveryend Info: Executing hook `AtVeryEndDocument' on input line 2864.
Package atveryend Info: Executing hook `AtEndAfterFileList' on input line 2864.
Package rerunfilecheck Info: File `"Empirical Analysis-2013".out' has not changed.
(rerunfilecheck)             Checksum: 5FC732674F1AC2D13EA7B667A650AF6D;10034.
Package atveryend Info: Empty hook `AtVeryVeryEnd' on input line 2864.
 ) 
Here is how much of TeX's memory you used:
 33391 strings out of 493089
 722094 string characters out of 6134842
 1024981 words of memory out of 5000000
 35892 multiletter control sequences out of 15000+600000
 139067 words of font info for 236 fonts, out of 8000000 for 9000
 1141 hyphenation exceptions out of 8191
 62i,17n,100p,1301b,1990s stack positions out of 5000i,500n,10000p,200000b,80000s
{/usr/local/texlive/2015/texmf-dist/fonts/enc/dvips/base/8r.enc}</usr/local/texlive/2015/texmf-dist/fonts/type1/public/amsfonts/cm/cmex10.pfb></usr/local/texlive/2015/texmf-dist/fonts/type1/public/amsfonts/cm/cmmi10.pfb></usr/local/texlive/2015/texmf-dist/fonts/type1/public/amsfonts/cm/cmr10.pfb></usr/local/texlive/2015/texmf-dist/fonts/type1/public/amsfonts/cm/cmsy10.pfb></usr/local/texlive/2015/texmf-dist/fonts/type1/public/fpl/fplbj8a.pfb></usr/local/texlive/2015/texmf-dist/fonts/type1/public/mathpazo/fplmbb.pfb></usr/local/texlive/2015/texmf-dist/fonts/type1/public/mathpazo/fplmr.pfb></usr/local/texlive/2015/texmf-dist/fonts/type1/public/mathpazo/fplmri.pfb></usr/local/texlive/2015/texmf-dist/fonts/type1/public/fpl/fplrc8a.pfb></usr/local/texlive/2015/texmf-dist/fonts/type1/public/fpl/fplrij8a.pfb></usr/local/texlive/2015/texmf-dist/fonts/type1/public/bera/fvmr8a.pfb></usr/local/texlive/2015/texmf-dist/fonts/type1/urw/helvetic/uhvr8a.pfb></usr/local/texlive/2015/texmf-dist/fonts/
type1/urw/palatino/uplb8a.pfb></usr/local/texlive/2015/texmf-dist/fonts/type1/urw/palatino/uplr8a.pfb></usr/local/texlive/2015/texmf-dist/fonts/type1/urw/palatino/uplri8a.pfb>
Output written on "Empirical Analysis-2013.pdf" (114 pages, 487040 bytes).
PDF statistics:
 959 PDF objects out of 1000 (max. 8388607)
 819 compressed objects within 9 object streams
 279 named destinations out of 1000 (max. 500000)
 4069 words of extra memory for PDF output out of 10000 (max. 10000000)

