\BOOKMARK [-1][-]{part.1}{\376\377\000I\000\040\000E\000m\000p\000i\000r\000i\000c\000a\000l\000\040\000A\000n\000a\000l\000y\000s\000i\000s\000\040\0003\0001\0000\0000\0000\040\024\000A\000z\000e\000e\000m\000\040\000S\000h\000a\000i\000k\000h}{}% 1
\BOOKMARK [0][-]{chapter*.1}{\376\377\000P\000r\000o\000b\000a\000b\000i\000l\000i\000t\000y\000\040\000p\000r\000e\000l\000i\000m\000i\000n\000a\000r\000i\000e\000s}{part.1}% 2
\BOOKMARK [1][-]{section*.2}{\376\377\000S\000e\000t\000\040\000t\000h\000e\000o\000r\000y}{chapter*.1}% 3
\BOOKMARK [1][-]{section*.3}{\376\377\000P\000r\000o\000b\000a\000b\000i\000l\000i\000t\000y\000\040\000t\000h\000e\000o\000r\000y}{chapter*.1}% 4
\BOOKMARK [1][-]{section*.4}{\376\377\000I\000n\000e\000q\000u\000a\000l\000i\000t\000i\000e\000s}{chapter*.1}% 5
\BOOKMARK [1][-]{section*.5}{\376\377\000C\000o\000n\000d\000i\000t\000i\000o\000n\000a\000l\000\040\000p\000r\000o\000b\000a\000b\000i\000l\000i\000t\000y\000\040\000a\000n\000d\000\040\000i\000n\000d\000e\000p\000e\000n\000d\000e\000n\000c\000e}{chapter*.1}% 6
\BOOKMARK [1][-]{section*.6}{\376\377\000R\000a\000n\000d\000o\000m\000\040\000v\000a\000r\000i\000a\000b\000l\000e\000s\000\040\000a\000n\000d\000\040\000d\000i\000s\000t\000r\000i\000b\000u\000t\000i\000o\000n\000\040\000f\000u\000n\000c\000t\000i\000o\000n\000s}{chapter*.1}% 7
\BOOKMARK [1][-]{section*.7}{\376\377\000E\000x\000p\000e\000c\000t\000a\000t\000i\000o\000n\000s\000\040\000a\000n\000d\000\040\000m\000o\000m\000e\000n\000t\000s}{chapter*.1}% 8
\BOOKMARK [1][-]{section*.8}{\376\377\000C\000o\000v\000a\000r\000i\000a\000n\000c\000e\000s\000\040\000a\000n\000d\000\040\000c\000o\000r\000r\000e\000l\000a\000t\000i\000o\000n\000s}{chapter*.1}% 9
\BOOKMARK [0][-]{chapter*.9}{\376\377\000L\000a\000r\000g\000e\000\040\000s\000a\000m\000p\000l\000e\000\040\000t\000h\000e\000o\000r\000y}{part.1}% 10
\BOOKMARK [1][-]{section*.10}{\376\377\000C\000o\000n\000v\000e\000r\000g\000e\000n\000c\000e\000\040\000i\000n\000\040\000p\000r\000o\000b\000a\000b\000i\000l\000i\000t\000y}{chapter*.9}% 11
\BOOKMARK [1][-]{section*.11}{\376\377\000C\000o\000n\000v\000e\000r\000g\000e\000n\000c\000e\000\040\000i\000n\000\040\000d\000i\000s\000t\000r\000i\000b\000u\000t\000i\000o\000n}{chapter*.9}% 12
\BOOKMARK [1][-]{section*.12}{\376\377\000C\000o\000n\000v\000e\000r\000g\000e\000n\000c\000e\000\040\000i\000n\000\040\000d\000i\000s\000t\000r\000i\000b\000u\000t\000i\000o\000n\000\040\000a\000n\000d\000\040\000p\000r\000o\000b\000a\000b\000i\000l\000i\000t\000y}{chapter*.9}% 13
\BOOKMARK [1][-]{section*.13}{\376\377\000H\000y\000p\000o\000t\000h\000e\000s\000i\000s\000\040\000t\000e\000s\000t\000i\000n\000g}{chapter*.9}% 14
\BOOKMARK [1][-]{section*.14}{\376\377\000P\000-\000v\000a\000l\000u\000e\000s}{chapter*.9}% 15
\BOOKMARK [1][-]{section*.15}{\376\377\000D\000e\000l\000t\000a\000\040\000m\000e\000t\000h\000o\000d}{chapter*.9}% 16
\BOOKMARK [1][-]{section*.16}{\376\377\000C\000o\000n\000f\000i\000d\000e\000n\000c\000e\000\040\000i\000n\000t\000e\000r\000v\000a\000l\000s}{chapter*.9}% 17
\BOOKMARK [1][-]{section*.17}{\376\377\000T\000i\000g\000h\000t\000n\000e\000s\000s}{chapter*.9}% 18
\BOOKMARK [1][-]{section*.18}{\376\377\000S\000t\000o\000c\000h\000a\000s\000t\000i\000c\000\040\000o\000r\000d\000e\000r\000\040\000n\000o\000t\000a\000t\000i\000o\000n}{chapter*.9}% 19
\BOOKMARK [1][-]{section*.19}{\376\377\000L\000a\000r\000g\000e\000\040\000s\000a\000m\000p\000l\000e\000\040\000t\000h\000e\000o\000r\000y\000\040\000C\000o\000r\000e\000\040\000q\000u\000e\000s\000t\000i\000o\000n\000s}{chapter*.9}% 20
\BOOKMARK [0][-]{chapter*.24}{\376\377\000C\000o\000n\000d\000i\000t\000i\000o\000n\000a\000l\000\040\000e\000x\000p\000e\000c\000t\000a\000t\000i\000o\000n\000s}{part.1}% 21
\BOOKMARK [0][-]{chapter*.25}{\376\377\000L\000i\000n\000e\000a\000r\000\040\000R\000e\000g\000r\000e\000s\000s\000i\000o\000n}{part.1}% 22
\BOOKMARK [1][-]{section*.26}{\376\377\000L\000i\000n\000e\000a\000r\000\040\000r\000e\000g\000r\000e\000s\000s\000i\000o\000n\000\040\000w\000i\000t\000h\000\040\000e\000x\000o\000g\000e\000n\000e\000i\000t\000y\000\040\000a\000s\000s\000u\000m\000p\000t\000i\000o\000n}{chapter*.25}% 23
\BOOKMARK [1][-]{section*.27}{\376\377\000O\000m\000i\000t\000t\000e\000d\000\040\000v\000a\000r\000i\000a\000b\000l\000e\000\040\000b\000i\000a\000s}{chapter*.25}% 24
\BOOKMARK [1][-]{section*.28}{\376\377\000M\000e\000a\000s\000u\000r\000e\000m\000e\000n\000t\000\040\000e\000r\000r\000o\000r}{chapter*.25}% 25
\BOOKMARK [1][-]{section*.29}{\376\377\000E\000s\000t\000i\000m\000a\000t\000i\000n\000g\000\040}{chapter*.25}% 26
\BOOKMARK [1][-]{section*.30}{\376\377\000P\000r\000o\000j\000e\000c\000t\000i\000o\000n\000\040\000i\000n\000t\000e\000r\000p\000r\000e\000t\000a\000t\000i\000o\000n\000\040\000o\000f\000\040\000O\000L\000S}{chapter*.25}% 27
\BOOKMARK [1][-]{section*.31}{\376\377\000M\000e\000a\000s\000u\000r\000e\000s\000\040\000o\000f\000\040\000f\000i\000t}{chapter*.25}% 28
\BOOKMARK [1][-]{section*.32}{\376\377\000P\000r\000o\000p\000e\000r\000t\000i\000e\000s\000\040\000o\000f\000\040\000O\000L\000S\000\040\000e\000s\000t\000i\000m\000a\000t\000o\000r}{chapter*.25}% 29
\BOOKMARK [1][-]{section*.38}{\376\377\000I\000n\000f\000e\000r\000e\000n\000c\000e}{chapter*.25}% 30
\BOOKMARK [0][-]{chapter*.39}{\376\377\000I\000n\000s\000t\000r\000u\000m\000e\000n\000t\000a\000l\000\040\000v\000a\000r\000i\000a\000b\000l\000e\000s}{part.1}% 31
\BOOKMARK [1][-]{section*.40}{\376\377\000S\000o\000l\000v\000i\000n\000g\000\040\000f\000o\000r\000\040}{chapter*.39}% 32
\BOOKMARK [1][-]{section*.41}{\376\377\000S\000o\000l\000v\000i\000n\000g\000\040\000f\000o\000r\000\040\000s\000u\000b\000v\000e\000c\000t\000o\000r\000s\000\040\000o\000f\000\040}{chapter*.39}% 33
\BOOKMARK [1][-]{section*.42}{\376\377\000E\000s\000t\000i\000m\000a\000t\000i\000n\000g\000\040}{chapter*.39}% 34
\BOOKMARK [1][-]{section*.43}{\376\377\000P\000r\000o\000p\000e\000r\000t\000i\000e\000s\000\040\000o\000f\000\040\000T\000S\000L\000S\000\040\000e\000s\000t\000i\000m\000a\000t\000o\000r}{chapter*.39}% 35
\BOOKMARK [1][-]{section*.44}{\376\377\000W\000e\000a\000k\000\040\000i\000n\000s\000t\000u\000r\000m\000e\000n\000t\000s}{chapter*.39}% 36
\BOOKMARK [1][-]{section*.45}{\376\377\000E\000f\000f\000i\000c\000i\000e\000n\000c\000y}{chapter*.39}% 37
\BOOKMARK [1][-]{section*.46}{\376\377\000H\000e\000t\000e\000r\000o\000g\000e\000n\000e\000i\000t\000y}{chapter*.39}% 38
\BOOKMARK [0][-]{chapter*.47}{\376\377\000M\000a\000x\000i\000m\000u\000m\000\040\000L\000i\000k\000e\000l\000i\000h\000o\000o\000d\000\040\000E\000s\000t\000i\000m\000a\000t\000i\000o\000n}{part.1}% 39
\BOOKMARK [1][-]{section*.48}{\376\377\000U\000n\000c\000o\000n\000d\000i\000t\000i\000o\000n\000a\000l\000\040\000M\000a\000x\000i\000m\000u\000m\000\040\000L\000i\000k\000e\000l\000i\000h\000o\000o\000d\000\040\000E\000s\000t\000i\000m\000a\000t\000o\000r\000s}{chapter*.47}% 40
\BOOKMARK [1][-]{section*.49}{\376\377\000C\000o\000n\000d\000i\000t\000i\000o\000n\000a\000l\000\040\000M\000L\000\040\000E\000s\000t\000i\000m\000a\000t\000o\000r\000s}{chapter*.47}% 41
\BOOKMARK [1][-]{section*.50}{\376\377\000P\000r\000o\000p\000e\000r\000t\000i\000e\000s\000\040\000o\000f\000\040\000M\000L\000\040\000E\000s\000t\000i\000m\000a\000t\000o\000r\000s}{chapter*.47}% 42
\BOOKMARK [1][-]{section*.52}{\376\377\000M\000i\000s\000-\000s\000p\000e\000c\000i\000f\000i\000c\000a\000t\000i\000o\000n}{chapter*.47}% 43
\BOOKMARK [1][-]{section*.53}{\376\377\000L\000i\000m\000i\000t\000i\000n\000g\000\040\000d\000i\000s\000t\000r\000i\000b\000u\000t\000i\000o\000n}{chapter*.47}% 44
\BOOKMARK [1][-]{section*.54}{\376\377\000I\000n\000f\000e\000r\000e\000n\000c\000e}{chapter*.47}% 45
\BOOKMARK [-1][-]{part.2}{\376\377\000I\000I\000\040\000E\000m\000p\000i\000r\000i\000c\000a\000l\000\040\000A\000n\000a\000l\000y\000s\000i\000s\000\040\0003\0001\0001\0000\0000\040\024\000H\000a\000r\000a\000l\000d\000\040\000U\000h\000l\000i\000g}{}% 46
\BOOKMARK [0][-]{chapter*.58}{\376\377\000M\000e\000a\000s\000u\000r\000e\000\040\000T\000h\000e\000o\000r\000y}{part.2}% 47
\BOOKMARK [1][-]{section*.59}{\376\377\000M\000e\000a\000s\000u\000r\000e\000\040\000S\000p\000a\000c\000e\000s}{chapter*.58}% 48
\BOOKMARK [1][-]{section*.60}{\376\377\000I\000n\000t\000e\000g\000r\000a\000t\000i\000o\000n}{chapter*.58}% 49
\BOOKMARK [0][-]{chapter*.61}{\376\377\000M\000a\000x\000i\000m\000u\000m\000\040\000L\000i\000k\000e\000l\000i\000h\000o\000o\000d\000\040\000E\000s\000t\000i\000m\000a\000t\000i\000o\000n}{part.2}% 50
\BOOKMARK [1][-]{section*.62}{\376\377\000F\000r\000a\000m\000e\000w\000o\000r\000k}{chapter*.61}% 51
\BOOKMARK [1][-]{section*.63}{\376\377\000M\000L\000E\000,\000\040\000S\000c\000o\000r\000e\000,\000\040\000a\000n\000d\000\040\000I\000n\000f\000o\000r\000m\000a\000t\000i\000o\000n\000\040\000M\000a\000t\000r\000i\000x}{chapter*.61}% 52
\BOOKMARK [1][-]{section*.64}{\376\377\000A\000s\000y\000m\000p\000t\000o\000t\000i\000c\000s}{chapter*.61}% 53
\BOOKMARK [1][-]{section*.65}{\376\377\000T\000h\000r\000e\000e\000\040\000h\000y\000p\000o\000t\000h\000e\000s\000i\000s\000\040\000t\000e\000s\000t\000s}{chapter*.61}% 54
\BOOKMARK [0][-]{chapter*.66}{\376\377\000E\000x\000t\000r\000e\000m\000u\000m\000\040\000E\000s\000t\000i\000m\000a\000t\000o\000r\000s}{part.2}% 55
\BOOKMARK [0][-]{chapter*.69}{\376\377\000B\000a\000y\000e\000s\000i\000a\000n\000\040\000I\000n\000f\000e\000r\000e\000n\000c\000e}{part.2}% 56
\BOOKMARK [1][-]{section*.70}{\376\377\000F\000r\000a\000m\000e\000w\000o\000r\000k}{chapter*.69}% 57
\BOOKMARK [1][-]{section*.71}{\376\377\000C\000o\000n\000j\000u\000g\000a\000c\000y\000\040\000a\000n\000d\000\040\000P\000r\000i\000o\000r\000s}{chapter*.69}% 58
\BOOKMARK [1][-]{section*.72}{\376\377\000N\000u\000m\000e\000r\000i\000c\000a\000l\000\040\000M\000e\000t\000h\000o\000d\000s\000\040\000f\000o\000r\000\040\000B\000a\000y\000e\000s\000i\000a\000n\000\040\000I\000n\000f\000e\000r\000e\000n\000c\000e}{chapter*.69}% 59
